[2022-03-16 22:25:11] [ INFO ] [PacienteDAOH2:42] Se creó la dirección con id 
[2022-03-16 22:25:11] [ INFO ] [PacienteDAOH2:42] Se creó la dirección con id 
[2022-03-16 22:26:33] [ INFO ] [PacienteDAOH2:42] Se creó la dirección con id 
[2022-03-16 22:26:33] [ INFO ] [PacienteDAOH2:42] Se creó la dirección con id 
[2022-03-16 22:30:42] [ INFO ] [PacienteDAOH2:42] Se creó la dirección con id 
[2022-03-16 22:30:42] [ INFO ] [PacienteDAOH2:54] Se creó el paciente con id 
[2022-03-16 22:30:42] [ INFO ] [PacienteDAOH2:42] Se creó la dirección con id 
[2022-03-16 22:30:42] [ INFO ] [PacienteDAOH2:54] Se creó el paciente con id 
[2022-03-16 23:05:03] [ INFO ] [PacienteDAOH2:42] Se creó la dirección con id 
[2022-03-16 23:05:03] [ INFO ] [PacienteDAOH2:54] Se creó el paciente Sarah Alfonsincon id 1 
[2022-03-16 23:05:03] [ INFO ] [PacienteDAOH2:42] Se creó la dirección con id 
[2022-03-16 23:05:03] [ INFO ] [PacienteDAOH2:54] Se creó el paciente DALVA DE OLIVEIRAcon id 2 
[2022-03-16 23:05:03] [ INFO ] [PacienteDAOH2:42] Se creó la dirección con id 
[2022-03-16 23:05:03] [ INFO ] [PacienteDAOH2:54] Se creó el paciente abc cd2con id 3 
[2022-03-16 23:05:53] [ INFO ] [PacienteDAOH2:77] Se Elimino :( el paciente con id 3
[2022-03-16 23:06:29] [ INFO ] [PacienteDAOH2:113] Se Busco al  pacienteDALVA DE OLIVEIRA de id 2
[2022-03-16 23:08:28] [ INFO ] [PacienteDAOH2:113] Se Busco al  pacienteDALVA DE OLIVEIRA de id 2
[2022-03-16 23:09:42] [ INFO ] [PacienteDAOH2:113] Se Busco al  pacienteDALVA DE OLIVEIRA de id 2
[2022-03-16 23:11:31] [ INFO ] [PacienteDAOH2:113] Se Busco al  pacienteDALVA DE OLIVEIRA de id 2
[2022-03-16 23:18:19] [ INFO ] [PacienteDAOH2:113] Se Busco al  pacienteDALVA DE OLIVEIRA de id 2
[2022-03-16 23:18:27] [ INFO ] [PacienteDAOH2:113] Se Busco al  pacienteDALVA DE OLIVEIRA de id 2
[2022-03-16 23:20:10] [ INFO ] [PacienteDAOH2:113] Se Busco al  pacienteDALVA DE OLIVEIRA de id 2
[2022-03-16 23:21:00] [ INFO ] [PacienteDAOH2:113] Se Busco al  pacienteDALVA DE OLIVEIRA de id 2
[2022-03-16 23:21:52] [ INFO ] [PacienteDAOH2:107] fUE ENCONTRADO2
[2022-03-16 23:21:52] [ INFO ] [PacienteDAOH2:110] fUE ENCONTRADO2
[2022-03-16 23:21:52] [ INFO ] [PacienteDAOH2:116] Se Busco al  pacienteDALVA DE OLIVEIRA de id 2
[2022-03-16 23:22:29] [ INFO ] [PacienteDAOH2:115] Se Busco al  pacienteDALVA DE OLIVEIRA de id 2
[2022-03-16 23:23:34] [ INFO ] [PacienteDAOH2:107] paso busqueda1
[2022-03-16 23:23:34] [ INFO ] [PacienteDAOH2:110] paso busqueda2
[2022-03-16 23:23:34] [ INFO ] [PacienteDAOH2:114] paso busqueda3
[2022-03-16 23:23:34] [ INFO ] [PacienteDAOH2:116] paso busqueda4
[2022-03-16 23:23:34] [ INFO ] [PacienteDAOH2:118] Se Busco al  pacienteDALVA DE OLIVEIRA de id 2
[2022-03-16 23:25:44] [ INFO ] [PacienteDAOH2:109] Se Busco al  pacienteDALVA DE OLIVEIRA de id 2
[2022-03-16 23:25:44] [ INFO ] [PacienteDAOH2:114] Se Busco al  pacienteDALVA DE OLIVEIRA de id 2
[2022-03-16 23:27:16] [ INFO ] [PacienteDAOH2:109] Se Busco al  pacienteDALVA DE OLIVEIRA de id 2
[2022-03-16 23:27:16] [ INFO ] [PacienteDAOH2:114] Se Busco al  pacienteDALVA DE OLIVEIRA de id 2
[2022-03-16 23:27:16] [ INFO ] [PacienteDAOH2:155] Paciente:1 Sarah Alfonsin dni 93958974Fue encontrado
[2022-03-16 23:27:16] [ INFO ] [PacienteDAOH2:155] Paciente:2 DALVA DE OLIVEIRA dni 93958973Fue encontrado
[2022-03-16 23:28:24] [ INFO ] [PacienteDAOH2:109] Se Busco al  pacienteDALVA DE OLIVEIRA de id 2
[2022-03-16 23:28:24] [ INFO ] [PacienteDAOH2:114] Se Busco al  pacienteDALVA DE OLIVEIRA de id 2
[2022-03-16 23:28:24] [ INFO ] [PacienteDAOH2:155] Paciente:1 Sarah Alfonsin dni 93958974Fue encontrado
[2022-03-16 23:28:24] [ INFO ] [PacienteDAOH2:155] Paciente:2 DALVA DE OLIVEIRA dni 93958973Fue encontrado
[2022-03-16 23:34:19] [ INFO ] [PacienteDAOH2:109] Se Busco al  pacienteDALVA DE OLIVEIRA de id 2
[2022-03-16 23:34:19] [ INFO ] [PacienteDAOH2:114] Se Busco al  pacienteDALVA DE OLIVEIRA de id 2
[2022-03-16 23:34:19] [ INFO ] [PacienteDAOH2:155] Paciente:1 Sarah Alfonsin dni 93958974Fue encontrado
[2022-03-16 23:34:19] [ INFO ] [PacienteDAOH2:155] Paciente:2 DALVA DE OLIVEIRA dni 93958973Fue encontrado
[2022-03-16 23:40:41] [ INFO ] [PacienteDAOH2:110] Se Busco al  pacienteDALVA DE OLIVEIRA de id 2
[2022-03-16 23:40:41] [ INFO ] [PacienteDAOH2:115] Se Busco al  pacienteDALVA DE OLIVEIRA de id 2
[2022-03-16 23:40:41] [ INFO ] [PacienteDAOH2:156] Paciente:1 Sarah Alfonsin dni 93958974Fue encontrado
[2022-03-16 23:40:41] [ INFO ] [PacienteDAOH2:156] Paciente:2 DALVA DE OLIVEIRA dni 93958973Fue encontrado
[2022-03-16 23:40:45] [ INFO ] [PacienteDAOH2:110] Se Busco al  pacienteDALVA DE OLIVEIRA de id 2
[2022-03-16 23:40:45] [ INFO ] [PacienteDAOH2:115] Se Busco al  pacienteDALVA DE OLIVEIRA de id 2
[2022-03-16 23:40:45] [ INFO ] [PacienteDAOH2:156] Paciente:1 Sarah Alfonsin dni 93958974Fue encontrado
[2022-03-16 23:40:45] [ INFO ] [PacienteDAOH2:156] Paciente:2 DALVA DE OLIVEIRA dni 93958973Fue encontrado
[2022-03-16 23:42:50] [ INFO ] [PacienteDAOH2:110] Se Busco al  pacienteDALVA DE OLIVEIRA de id 2
[2022-03-16 23:42:50] [ INFO ] [PacienteDAOH2:115] Se Busco al  pacienteDALVA DE OLIVEIRA de id 2
[2022-03-16 23:42:50] [ INFO ] [PacienteDAOH2:156] Paciente:1 Sarah Alfonsin dni 93958974Fue encontrado
[2022-03-16 23:42:50] [ INFO ] [PacienteDAOH2:156] Paciente:2 DALVA DE OLIVEIRA dni 93958973Fue encontrado
[2022-03-16 23:43:32] [ INFO ] [PacienteDAOH2:110] Se Busco al  pacienteDALVA DE OLIVEIRA de id 2
[2022-03-16 23:43:32] [ INFO ] [PacienteDAOH2:115] Se Busco al  pacienteDALVA DE OLIVEIRA de id 2
[2022-03-16 23:43:32] [ INFO ] [PacienteDAOH2:156] Paciente:1 Sarah Alfonsin dni 93958974Fue encontrado
[2022-03-16 23:43:32] [ INFO ] [PacienteDAOH2:156] Paciente:2 DALVA DE OLIVEIRA dni 93958973Fue encontrado
[2022-03-16 23:43:47] [ INFO ] [PacienteDAOH2:110] Se Busco al  pacienteDALVA DE OLIVEIRA de id 2
[2022-03-16 23:43:47] [ INFO ] [PacienteDAOH2:115] Se Busco al  pacienteDALVA DE OLIVEIRA de id 2
[2022-03-16 23:43:47] [ INFO ] [PacienteDAOH2:156] Paciente:1 Sarah Alfonsin dni 93958974Fue encontrado
[2022-03-16 23:43:47] [ INFO ] [PacienteDAOH2:156] Paciente:2 DALVA DE OLIVEIRA dni 93958973Fue encontrado
[2022-03-16 23:45:07] [ INFO ] [PacienteDAOH2:110] Se Busco al  pacienteDALVA DE OLIVEIRA de id 2
[2022-03-16 23:45:07] [ INFO ] [PacienteDAOH2:115] Se Busco al  pacienteDALVA DE OLIVEIRA de id 2
[2022-03-16 23:45:07] [ INFO ] [PacienteDAOH2:156] Paciente:1 Sarah Alfonsin dni 93958974Fue encontrado
[2022-03-16 23:45:07] [ INFO ] [PacienteDAOH2:156] Paciente:2 DALVA DE OLIVEIRA dni 93958973Fue encontrado
[2022-03-16 23:47:34] [ INFO ] [PacienteDAOH2:110] Se Busco al  pacienteDALVA DE OLIVEIRA de id 2
[2022-03-16 23:47:35] [ INFO ] [PacienteDAOH2:115] Se Busco al  pacienteDALVA DE OLIVEIRA de id 2
[2022-03-16 23:47:35] [ INFO ] [PacienteDAOH2:156] Paciente:1 Sarah Alfonsin dni 93958974Fue encontrado
[2022-03-16 23:47:35] [ INFO ] [PacienteDAOH2:156] Paciente:2 DALVA DE OLIVEIRA dni 93958973Fue encontrado
[2022-03-16 23:48:16] [ INFO ] [PacienteDAOH2:110] Se Busco al  pacienteDALVA DE OLIVEIRA de id 2
[2022-03-16 23:48:16] [ INFO ] [PacienteDAOH2:115] Se Busco al  pacienteDALVA DE OLIVEIRA de id 2
[2022-03-16 23:48:16] [ INFO ] [PacienteDAOH2:156] Paciente:1 Sarah Alfonsin dni 93958974Fue encontrado
[2022-03-16 23:48:16] [ INFO ] [PacienteDAOH2:156] Paciente:2 DALVA DE OLIVEIRA dni 93958973Fue encontrado
[2022-03-16 23:48:41] [ INFO ] [PacienteDAOH2:110] Se Busco al  pacienteDALVA DE OLIVEIRA de id 2
[2022-03-16 23:48:41] [ INFO ] [PacienteDAOH2:115] Se Busco al  pacienteDALVA DE OLIVEIRA de id 2
[2022-03-16 23:48:41] [ INFO ] [PacienteDAOH2:156] Paciente:1 Sarah Alfonsin dni 93958974Fue encontrado
[2022-03-16 23:48:41] [ INFO ] [PacienteDAOH2:156] Paciente:2 DALVA DE OLIVEIRA dni 93958973Fue encontrado
[2022-03-16 23:51:16] [ INFO ] [PacienteDAOH2:110] Se Busco al  pacienteDALVA DE OLIVEIRA de id 2
[2022-03-16 23:51:16] [ INFO ] [PacienteDAOH2:115] Se Busco al  pacienteDALVA DE OLIVEIRA de id 2
[2022-03-16 23:51:16] [ INFO ] [PacienteDAOH2:156] Paciente:1 Sarah Alfonsin dni 93958974Fue encontrado
[2022-03-16 23:51:16] [ INFO ] [PacienteDAOH2:156] Paciente:2 DALVA DE OLIVEIRA dni 93958973Fue encontrado
[2022-03-16 23:51:55] [ INFO ] [PacienteDAOH2:110] Se Busco al  pacienteDALVA DE OLIVEIRA de id 2
[2022-03-16 23:51:55] [ INFO ] [PacienteDAOH2:156] Paciente:1 Sarah Alfonsin dni 93958974Fue encontrado
[2022-03-16 23:51:55] [ INFO ] [PacienteDAOH2:156] Paciente:2 DALVA DE OLIVEIRA dni 93958973Fue encontrado
[2022-03-16 23:53:12] [ INFO ] [PacienteDAOH2:110] Se Busco al  pacienteDALVA DE OLIVEIRA de id 2
[2022-03-16 23:53:12] [ INFO ] [PacienteDAOH2:156] Paciente:1 Sarah Alfonsin dni 93958974 Fue encontrado
[2022-03-16 23:53:12] [ INFO ] [PacienteDAOH2:156] Paciente:2 DALVA DE OLIVEIRA dni 93958973 Fue encontrado
[2022-03-16 23:55:01] [ INFO ] [PacienteDAOH2:110] Se Busco al  pacienteDALVA DE OLIVEIRA de id 2
[2022-03-16 23:55:01] [ INFO ] [PacienteDAOH2:156] Paciente:1 Sarah Alfonsin dni 93958974 Fue encontrado
[2022-03-16 23:55:01] [ INFO ] [PacienteDAOH2:156] Paciente:2 DALVA DE OLIVEIRA dni 93958973 Fue encontrado
[2022-03-16 23:56:03] [ INFO ] [PacienteDAOH2:110] Se Busco al  pacienteDALVA DE OLIVEIRA de id 2
[2022-03-16 23:56:03] [ INFO ] [PacienteDAOH2:156] Paciente:1 Sarah Alfonsin dni 93958974 Fue encontrado
[2022-03-16 23:56:03] [ INFO ] [PacienteDAOH2:156] Paciente:2 DALVA DE OLIVEIRA dni 93958973 Fue encontrado
[2022-03-16 23:56:35] [ INFO ] [PacienteDAOH2:110] Se Busco al  pacienteDALVA DE OLIVEIRA de id 2
[2022-03-16 23:56:35] [ INFO ] [PacienteDAOH2:156] Paciente:1 Sarah Alfonsin dni 93958974 Fue encontrado
[2022-03-16 23:56:35] [ INFO ] [PacienteDAOH2:156] Paciente:2 DALVA DE OLIVEIRA dni 93958973 Fue encontrado
[2022-03-17 00:01:56] [ INFO ] [PacienteDAOH2:110] Se Busco al  pacienteDALVA DE OLIVEIRA de id 2
[2022-03-17 00:01:56] [ INFO ] [PacienteDAOH2:156] Paciente:1 Sarah Alfonsin dni 93958974 Fue encontrado
[2022-03-17 00:01:56] [ INFO ] [PacienteDAOH2:156] Paciente:2 DALVA DE OLIVEIRA dni 93958973 Fue encontrado
[2022-03-17 00:02:14] [ INFO ] [PacienteDAOH2:110] Se Busco al  pacienteDALVA DE OLIVEIRA de id 2
[2022-03-17 00:02:14] [ INFO ] [PacienteDAOH2:156] Paciente:1 Sarah Alfonsin dni 93958974 Fue encontrado
[2022-03-17 00:02:14] [ INFO ] [PacienteDAOH2:156] Paciente:2 DALVA DE OLIVEIRA dni 93958973 Fue encontrado
[2022-03-17 00:02:32] [ INFO ] [PacienteDAOH2:110] Se Busco al  pacienteDALVA DE OLIVEIRA de id 2
[2022-03-17 00:02:32] [ ERROR] [PacienteDAOH2:145] Error al buscar id domicilio
[2022-03-17 00:02:32] [ INFO ] [PacienteDAOH2:157] Paciente:1 Sarah Alfonsin dni 93958974 Fue encontrado
[2022-03-17 00:02:32] [ ERROR] [PacienteDAOH2:145] Error al buscar id domicilio
[2022-03-17 00:02:32] [ INFO ] [PacienteDAOH2:157] Paciente:2 DALVA DE OLIVEIRA dni 93958973 Fue encontrado
[2022-03-17 00:02:59] [ ERROR] [PacienteDAOH2:108] Error al buscar id domicilio
[2022-03-17 00:02:59] [ INFO ] [PacienteDAOH2:111] Se Busco al  pacienteDALVA DE OLIVEIRA de id 2
[2022-03-17 00:02:59] [ INFO ] [PacienteDAOH2:158] Paciente:1 Sarah Alfonsin dni 93958974 Fue encontrado
[2022-03-17 00:02:59] [ INFO ] [PacienteDAOH2:158] Paciente:2 DALVA DE OLIVEIRA dni 93958973 Fue encontrado
[2022-03-17 00:03:17] [ INFO ] [PacienteDAOH2:111] Se Busco al  pacienteDALVA DE OLIVEIRA de id 2
[2022-03-17 00:03:17] [ ERROR] [PacienteDAOH2:113] Error al buscar id domicilio
[2022-03-17 00:03:17] [ INFO ] [PacienteDAOH2:159] Paciente:1 Sarah Alfonsin dni 93958974 Fue encontrado
[2022-03-17 00:03:17] [ INFO ] [PacienteDAOH2:159] Paciente:2 DALVA DE OLIVEIRA dni 93958973 Fue encontrado
[2022-03-17 00:03:25] [ INFO ] [PacienteDAOH2:111] Se Busco al  pacienteDALVA DE OLIVEIRA de id 2
[2022-03-17 00:03:25] [ ERROR] [PacienteDAOH2:113] Error al buscar id domicilio
[2022-03-17 00:03:25] [ ERROR] [PacienteDAOH2:115] Error al buscar id domicilio2
[2022-03-17 00:03:25] [ INFO ] [PacienteDAOH2:160] Paciente:1 Sarah Alfonsin dni 93958974 Fue encontrado
[2022-03-17 00:03:25] [ INFO ] [PacienteDAOH2:160] Paciente:2 DALVA DE OLIVEIRA dni 93958973 Fue encontrado
[2022-03-17 00:04:40] [ INFO ] [PacienteDAOH2:111] Se Busco al  pacienteDALVA DE OLIVEIRA de id 2
[2022-03-17 00:04:40] [ ERROR] [PacienteDAOH2:113] Error al buscar id domicilio
[2022-03-17 00:04:40] [ INFO ] [PacienteDAOH2:160] Paciente:1 Sarah Alfonsin dni 93958974 Fue encontrado
[2022-03-17 00:04:40] [ INFO ] [PacienteDAOH2:160] Paciente:2 DALVA DE OLIVEIRA dni 93958973 Fue encontrado
[2022-03-17 00:05:17] [ INFO ] [PacienteDAOH2:111] Se Busco al  pacienteDALVA DE OLIVEIRA de id 2
[2022-03-17 00:05:17] [ ERROR] [PacienteDAOH2:113] Error al buscar id domicilio
[2022-03-17 00:05:17] [ INFO ] [PacienteDAOH2:160] Paciente:1 Sarah Alfonsin dni 93958974 Fue encontrado
[2022-03-17 00:05:17] [ INFO ] [PacienteDAOH2:160] Paciente:2 DALVA DE OLIVEIRA dni 93958973 Fue encontrado
[2022-03-17 00:05:45] [ INFO ] [PacienteDAOH2:160] Paciente:1 Sarah Alfonsin dni 93958974 Fue encontrado
[2022-03-17 00:05:45] [ INFO ] [PacienteDAOH2:160] Paciente:2 DALVA DE OLIVEIRA dni 93958973 Fue encontrado
[2022-03-17 00:06:11] [ INFO ] [PacienteDAOH2:160] Paciente:1 Sarah Alfonsin dni 93958974 Fue encontrado
[2022-03-17 00:06:11] [ INFO ] [PacienteDAOH2:160] Paciente:2 DALVA DE OLIVEIRA dni 93958973 Fue encontrado
[2022-03-17 00:06:29] [ INFO ] [PacienteDAOH2:111] Se Busco al  pacienteDALVA DE OLIVEIRA de id 2
[2022-03-17 00:06:29] [ ERROR] [PacienteDAOH2:113] Error al buscar id domicilio
[2022-03-17 00:06:29] [ INFO ] [PacienteDAOH2:160] Paciente:1 Sarah Alfonsin dni 93958974 Fue encontrado
[2022-03-17 00:06:29] [ INFO ] [PacienteDAOH2:160] Paciente:2 DALVA DE OLIVEIRA dni 93958973 Fue encontrado
[2022-03-17 00:06:42] [ INFO ] [PacienteDAOH2:112] Se Busco al  pacienteDALVA DE OLIVEIRA de id 2
[2022-03-17 00:06:42] [ ERROR] [PacienteDAOH2:114] Error al buscar id domicilio
[2022-03-17 00:06:42] [ INFO ] [PacienteDAOH2:161] Paciente:1 Sarah Alfonsin dni 93958974 Fue encontrado
[2022-03-17 00:06:42] [ INFO ] [PacienteDAOH2:161] Paciente:2 DALVA DE OLIVEIRA dni 93958973 Fue encontrado
[2022-03-17 00:07:03] [ INFO ] [PacienteDAOH2:112] Se Busco al  pacienteDALVA DE OLIVEIRA de id 2
[2022-03-17 00:07:03] [ ERROR] [PacienteDAOH2:114] Error al buscar id domicilio
[2022-03-17 00:07:03] [ INFO ] [PacienteDAOH2:162] Paciente:1 Sarah Alfonsin dni 93958974 Fue encontrado
[2022-03-17 00:07:03] [ INFO ] [PacienteDAOH2:162] Paciente:2 DALVA DE OLIVEIRA dni 93958973 Fue encontrado
[2022-03-17 00:08:19] [ INFO ] [PacienteDAOH2:112] Se Busco al  pacienteDALVA DE OLIVEIRA de id 2
[2022-03-17 00:08:19] [ ERROR] [PacienteDAOH2:114] Error al buscar id domicilio
[2022-03-17 00:08:19] [ INFO ] [PacienteDAOH2:162] Paciente:1 Sarah Alfonsin dni 93958974 Fue encontrado
[2022-03-17 00:08:19] [ INFO ] [PacienteDAOH2:162] Paciente:2 DALVA DE OLIVEIRA dni 93958973 Fue encontrado
[2022-03-17 00:10:49] [ INFO ] [PacienteDAOH2:112] Se Busco al  pacienteDALVA DE OLIVEIRA de id 2
[2022-03-17 00:10:49] [ ERROR] [PacienteDAOH2:114] Error al buscar id domicilio
[2022-03-17 00:10:49] [ INFO ] [PacienteDAOH2:162] Paciente:1 Sarah Alfonsin dni 93958974 Fue encontrado
[2022-03-17 00:10:49] [ INFO ] [PacienteDAOH2:162] Paciente:2 DALVA DE OLIVEIRA dni 93958973 Fue encontrado
[2022-03-17 00:11:27] [ INFO ] [PacienteDAOH2:112] Se Busco al  pacienteDALVA DE OLIVEIRA de id 2
[2022-03-17 00:11:27] [ ERROR] [PacienteDAOH2:114] Error al buscar id domicilio
[2022-03-17 00:11:27] [ INFO ] [PacienteDAOH2:162] Paciente:1 Sarah Alfonsin dni 93958974 Fue encontrado
[2022-03-17 00:11:27] [ INFO ] [PacienteDAOH2:162] Paciente:2 DALVA DE OLIVEIRA dni 93958973 Fue encontrado
[2022-03-17 10:23:07] [ INFO ] [PacienteDAOH2:112] Se Busco al  pacienteDALVA DE OLIVEIRA de id 2
[2022-03-17 10:23:07] [ ERROR] [PacienteDAOH2:114] Error al buscar id domicilio
[2022-03-17 10:23:08] [ INFO ] [PacienteDAOH2:162] Paciente:1 Sarah Alfonsin dni 93958974 Fue encontrado
[2022-03-17 10:23:08] [ INFO ] [PacienteDAOH2:162] Paciente:2 DALVA DE OLIVEIRA dni 93958973 Fue encontrado
[2022-03-17 10:23:29] [ INFO ] [PacienteDAOH2:112] Se Busco al  pacienteDALVA DE OLIVEIRA de id 2
[2022-03-17 10:23:29] [ ERROR] [PacienteDAOH2:114] Error al buscar id domicilio
[2022-03-17 10:23:29] [ INFO ] [PacienteDAOH2:162] Paciente:1 Sarah Alfonsin dni 93958974 Fue encontrado
[2022-03-17 10:23:29] [ INFO ] [PacienteDAOH2:162] Paciente:2 DALVA DE OLIVEIRA dni 93958973 Fue encontrado
[2022-03-17 10:28:58] [ INFO ] [PacienteDAOH2:42] Se creó la dirección con id 
[2022-03-17 10:28:58] [ INFO ] [PacienteDAOH2:55] Se creó el paciente Sarah Alfonsincon id 1 
[2022-03-17 10:28:58] [ INFO ] [PacienteDAOH2:42] Se creó la dirección con id 
[2022-03-17 10:28:58] [ INFO ] [PacienteDAOH2:55] Se creó el paciente DALVA DE OLIVEIRAcon id 2 
[2022-03-17 10:28:58] [ INFO ] [PacienteDAOH2:42] Se creó la dirección con id 
[2022-03-17 10:28:58] [ INFO ] [PacienteDAOH2:55] Se creó el paciente abc cd2con id 3 
[2022-03-17 10:33:33] [ INFO ] [PacienteDAOH2:78] Se Elimino :( el paciente con id 3
[2022-03-17 10:34:16] [ INFO ] [PacienteDAOH2:112] Se Busco al  pacienteDALVA DE OLIVEIRA de id 2
[2022-03-17 10:34:16] [ ERROR] [PacienteDAOH2:114] Error al buscar id domicilio
[2022-03-17 10:38:01] [ INFO ] [PacienteDAOH2:112] Se Busco al  pacienteDALVA DE OLIVEIRA de id 2
[2022-03-17 10:38:01] [ ERROR] [PacienteDAOH2:114] Error al buscar id domicilio
[2022-03-17 10:39:31] [ INFO ] [PacienteDAOH2:112] Se Busco al  pacienteDALVA DE OLIVEIRA de id 2
[2022-03-17 10:39:31] [ ERROR] [PacienteDAOH2:114] Error al buscar id domicilio
[2022-03-17 10:40:45] [ INFO ] [PacienteDAOH2:112] Se Busco al  pacienteDALVA DE OLIVEIRA de id 2
[2022-03-17 10:40:45] [ ERROR] [PacienteDAOH2:114] Error al buscar id domicilio
[2022-03-17 10:46:00] [ INFO ] [PacienteDAOH2:112] Se Busco al  pacienteDALVA DE OLIVEIRA de id 2
[2022-03-17 10:46:00] [ ERROR] [PacienteDAOH2:114] Error al buscar id domicilio
[2022-03-17 10:46:30] [ INFO ] [PacienteDAOH2:112] Se Busco al  pacienteDALVA DE OLIVEIRA de id 2
[2022-03-17 10:46:30] [ ERROR] [PacienteDAOH2:114] Error al buscar id domicilio
[2022-03-17 10:47:17] [ INFO ] [PacienteDAOH2:112] Se Busco al  pacienteDALVA DE OLIVEIRA de id 2
[2022-03-17 10:47:17] [ ERROR] [PacienteDAOH2:114] Error al buscar id domicilio
[2022-03-17 10:47:39] [ INFO ] [PacienteDAOH2:112] Se Busco al  pacienteDALVA DE OLIVEIRA de id 2
[2022-03-17 10:47:39] [ ERROR] [PacienteDAOH2:114] Error al buscar id domicilio
[2022-03-17 10:47:39] [ INFO ] [DomicilioDAOH2:108] Se Busco la dire
[2022-03-17 10:48:49] [ INFO ] [PacienteDAOH2:112] Se Busco al  pacienteDALVA DE OLIVEIRA de id 2
[2022-03-17 10:48:49] [ INFO ] [DomicilioDAOH2:108] Se Busco la dire
[2022-03-17 10:55:06] [ INFO ] [DomicilioDAOH2:108] Se Busco la dire
[2022-03-17 10:55:06] [ INFO ] [PacienteDAOH2:161] Paciente:1 Sarah Alfonsin dni 93958974 Fue encontrado
[2022-03-17 10:55:06] [ INFO ] [DomicilioDAOH2:108] Se Busco la dire
[2022-03-17 10:55:06] [ INFO ] [PacienteDAOH2:161] Paciente:2 DALVA DE OLIVEIRA dni 93958973 Fue encontrado
[2022-03-17 10:58:12] [ INFO ] [DomicilioDAOH2:108] Se Busco la dire
[2022-03-17 10:58:12] [ INFO ] [PacienteDAOH2:162] Paciente:1 Sarah Alfonsin dni 93958974 Fue encontrado
[2022-03-17 10:58:12] [ INFO ] [DomicilioDAOH2:108] Se Busco la dire
[2022-03-17 10:58:12] [ INFO ] [PacienteDAOH2:162] Paciente:2 DALVA DE OLIVEIRA dni 93958973 Fue encontrado
[2022-03-17 15:00:42] [ INFO ] [DomicilioDAOH2:108] Se Busco la dire
[2022-03-17 15:00:42] [ INFO ] [PacienteDAOH2:162] Paciente:1 Sarah Alfonsin dni 93958974 Fue encontrado
[2022-03-17 15:00:42] [ INFO ] [DomicilioDAOH2:108] Se Busco la dire
[2022-03-17 15:00:42] [ INFO ] [PacienteDAOH2:162] Paciente:2 DALVA DE OLIVEIRA dni 93958973 Fue encontrado
