#
# There is insufficient memory for the Java Runtime Environment to continue.
# Native memory allocation (malloc) failed to allocate 225696 bytes for Chunk::new
# Possible reasons:
#   The system is out of physical RAM or swap space
#   The process is running with CompressedOops enabled, and the Java Heap may be blocking the growth of the native heap
# Possible solutions:
#   Reduce memory load on the system
#   Increase physical memory or swap space
#   Check if swap backing store is full
#   Decrease Java heap size (-Xmx/-Xms)
#   Decrease number of Java threads
#   Decrease Java thread stack sizes (-Xss)
#   Set larger code cache with -XX:ReservedCodeCacheSize=
#   JVM is running with Unscaled Compressed Oops mode in which the Java heap is
#     placed in the first 4GB address space. The Java Heap base address is the
#     maximum limit for the native heap growth. Please use -XX:HeapBaseMinAddress
#     to set the Java Heap base and to place the Java Heap above 4GB virtual address.
# This output file may be truncated or incomplete.
#
#  Out of Memory Error (arena.cpp:189), pid=3308, tid=15932
#
# JRE version: OpenJDK Runtime Environment (17.0.1+12) (build 17.0.1+12-39)
# Java VM: OpenJDK 64-Bit Server VM (17.0.1+12-39, mixed mode, sharing, tiered, compressed oops, compressed class ptrs, g1 gc, windows-amd64)
# No core dump will be written. Minidumps are not enabled by default on client versions of Windows
#

---------------  S U M M A R Y ------------

Command Line: -Dmaven.multiModuleProjectDirectory=C:\Users\sarah\OneDrive\Documentos\Sarah Digital\B3\BACKEND\PROYECTOS\clinicaOdontologica -Dmaven.home=C:\Program Files\JetBrains\IntelliJ IDEA Community Edition 2021.2.1\plugins\maven\lib\maven3 -Dclassworlds.conf=C:\Program Files\JetBrains\IntelliJ IDEA Community Edition 2021.2.1\plugins\maven\lib\maven3\bin\m2.conf -Dmaven.ext.class.path=C:\Program Files\JetBrains\IntelliJ IDEA Community Edition 2021.2.1\plugins\maven\lib\maven-event-listener.jar -javaagent:C:\Program Files\JetBrains\IntelliJ IDEA Community Edition 2021.2.1\lib\idea_rt.jar=49175:C:\Program Files\JetBrains\IntelliJ IDEA Community Edition 2021.2.1\bin -Dfile.encoding=UTF-8 org.codehaus.classworlds.Launcher -Didea.version=2021.2.1 clean package

Host: Intel(R) Core(TM) i7-6500U CPU @ 2.50GHz, 4 cores, 7G,  Windows 10 , 64 bit Build 19041 (10.0.19041.1645)
Time: Tue Apr 19 00:18:39 2022 Hora estándar de Argentina elapsed time: 27.353196 seconds (0d 0h 0m 27s)

---------------  T H R E A D  ---------------

Current thread (0x0000018f2b26dac0):  JavaThread "C2 CompilerThread0" daemon [_thread_in_native, id=15932, stack(0x000000606dd00000,0x000000606de00000)]


Current CompileTask:
C2:  27353 7962       4       org.codehaus.plexus.classworlds.realm.Entry::matches (282 bytes)

Stack: [0x000000606dd00000,0x000000606de00000]
Native frames: (J=compiled Java code, j=interpreted, Vv=VM code, C=native code)
V  [jvm.dll+0x66fa1a]
V  [jvm.dll+0x7ce5a4]
V  [jvm.dll+0x7cfd4e]
V  [jvm.dll+0x7d03b3]
V  [jvm.dll+0x242b05]
V  [jvm.dll+0xaa05b]
V  [jvm.dll+0xaa5ec]
V  [jvm.dll+0x2a953f]
V  [jvm.dll+0x5785a9]
V  [jvm.dll+0x21dd7d]
V  [jvm.dll+0x21e15f]
V  [jvm.dll+0x217a2a]
V  [jvm.dll+0x214f05]
V  [jvm.dll+0x1a168d]
V  [jvm.dll+0x224848]
V  [jvm.dll+0x2229ac]
V  [jvm.dll+0x78435b]
V  [jvm.dll+0x77e91a]
V  [jvm.dll+0x66e845]
C  [ucrtbase.dll+0x21bb2]
C  [KERNEL32.DLL+0x17034]
C  [ntdll.dll+0x52651]


---------------  P R O C E S S  ---------------

Threads class SMR info:
_java_thread_list=0x0000018f2eff80d0, length=24, elements={
0x0000018f0dbdf730, 0x0000018f2b258140, 0x0000018f2b258ec0, 0x0000018f2b269380,
0x0000018f2b26bd50, 0x0000018f2b26c610, 0x0000018f2b26ced0, 0x0000018f2b26dac0,
0x0000018f2b2dfca0, 0x0000018f2b2e45d0, 0x0000018f2b31eae0, 0x0000018f2be31bb0,
0x0000018f2be33600, 0x0000018f2c180e00, 0x0000018f2d77d410, 0x0000018f2d77d8e0,
0x0000018f309537a0, 0x0000018f307ab060, 0x0000018f307ad6e0, 0x0000018f307abed0,
0x0000018f307ae080, 0x0000018f307aba00, 0x0000018f307adbb0, 0x0000018f307ac3a0
}

Java Threads: ( => current thread )
  0x0000018f0dbdf730 JavaThread "main" [_thread_in_native, id=10932, stack(0x000000606d000000,0x000000606d100000)]
  0x0000018f2b258140 JavaThread "Reference Handler" daemon [_thread_blocked, id=9952, stack(0x000000606d700000,0x000000606d800000)]
  0x0000018f2b258ec0 JavaThread "Finalizer" daemon [_thread_blocked, id=14040, stack(0x000000606d800000,0x000000606d900000)]
  0x0000018f2b269380 JavaThread "Signal Dispatcher" daemon [_thread_blocked, id=2152, stack(0x000000606d900000,0x000000606da00000)]
  0x0000018f2b26bd50 JavaThread "Attach Listener" daemon [_thread_blocked, id=11808, stack(0x000000606da00000,0x000000606db00000)]
  0x0000018f2b26c610 JavaThread "Service Thread" daemon [_thread_blocked, id=15068, stack(0x000000606db00000,0x000000606dc00000)]
  0x0000018f2b26ced0 JavaThread "Monitor Deflation Thread" daemon [_thread_blocked, id=4084, stack(0x000000606dc00000,0x000000606dd00000)]
=>0x0000018f2b26dac0 JavaThread "C2 CompilerThread0" daemon [_thread_in_native, id=15932, stack(0x000000606dd00000,0x000000606de00000)]
  0x0000018f2b2dfca0 JavaThread "C1 CompilerThread0" daemon [_thread_blocked, id=14492, stack(0x000000606de00000,0x000000606df00000)]
  0x0000018f2b2e45d0 JavaThread "Sweeper thread" daemon [_thread_blocked, id=15508, stack(0x000000606df00000,0x000000606e000000)]
  0x0000018f2b31eae0 JavaThread "Common-Cleaner" daemon [_thread_blocked, id=9000, stack(0x000000606e000000,0x000000606e100000)]
  0x0000018f2be31bb0 JavaThread "Monitor Ctrl-Break" daemon [_thread_in_native, id=13492, stack(0x000000606e100000,0x000000606e200000)]
  0x0000018f2be33600 JavaThread "Notification Thread" daemon [_thread_blocked, id=12904, stack(0x000000606e200000,0x000000606e300000)]
  0x0000018f2c180e00 JavaThread "resolver-1" daemon [_thread_blocked, id=16148, stack(0x000000606e900000,0x000000606ea00000)]
  0x0000018f2d77d410 JavaThread "resolver-2" daemon [_thread_blocked, id=1160, stack(0x000000606ea00000,0x000000606eb00000)]
  0x0000018f2d77d8e0 JavaThread "resolver-3" daemon [_thread_blocked, id=13832, stack(0x000000606eb00000,0x000000606ec00000)]
  0x0000018f309537a0 JavaThread "resolver-4" daemon [_thread_blocked, id=6596, stack(0x000000606ec00000,0x000000606ed00000)]
  0x0000018f307ab060 JavaThread "resolver-5" daemon [_thread_blocked, id=16312, stack(0x000000606ed00000,0x000000606ee00000)]
  0x0000018f307ad6e0 JavaThread "timeout-check-timer" daemon [_thread_blocked, id=8496, stack(0x000000606ee00000,0x000000606ef00000)]
  0x0000018f307abed0 JavaThread "ping-timer-10s" daemon [_thread_blocked, id=10520, stack(0x000000606ef00000,0x000000606f000000)]
  0x0000018f307ae080 JavaThread "ThreadedStreamConsumer" daemon [_thread_in_native, id=14100, stack(0x000000606f000000,0x000000606f100000)]
  0x0000018f307aba00 JavaThread "Thread-2" [_thread_blocked, id=14736, stack(0x000000606f100000,0x000000606f200000)]
  0x0000018f307adbb0 JavaThread "Thread-3" [_thread_in_native, id=3744, stack(0x000000606f200000,0x000000606f300000)]
  0x0000018f307ac3a0 JavaThread "Thread-4" [_thread_in_native, id=16236, stack(0x000000606f300000,0x000000606f400000)]

Other Threads:
  0x0000018f2b252d70 VMThread "VM Thread" [stack: 0x000000606d600000,0x000000606d700000] [id=4500]
  0x0000018f0dbe05f0 WatcherThread [stack: 0x000000606e300000,0x000000606e400000] [id=9100]
  0x0000018f0dc1b580 GCTaskThread "GC Thread#0" [stack: 0x000000606d100000,0x000000606d200000] [id=6864]
  0x0000018f2c5f4a20 GCTaskThread "GC Thread#1" [stack: 0x000000606e500000,0x000000606e600000] [id=2624]
  0x0000018f2c5f4cd0 GCTaskThread "GC Thread#2" [stack: 0x000000606e600000,0x000000606e700000] [id=14896]
  0x0000018f2c655ee0 GCTaskThread "GC Thread#3" [stack: 0x000000606e700000,0x000000606e800000] [id=5640]
  0x0000018f0dc2ebd0 ConcurrentGCThread "G1 Main Marker" [stack: 0x000000606d200000,0x000000606d300000] [id=12312]
  0x0000018f0dc2f4f0 ConcurrentGCThread "G1 Conc#0" [stack: 0x000000606d300000,0x000000606d400000] [id=11980]
  0x0000018f0dca8c20 ConcurrentGCThread "G1 Refine#0" [stack: 0x000000606d400000,0x000000606d500000] [id=5068]
  0x0000018f2c610450 ConcurrentGCThread "G1 Refine#1" [stack: 0x000000606e800000,0x000000606e900000] [id=3624]
  0x0000018f0dca9550 ConcurrentGCThread "G1 Service" [stack: 0x000000606d500000,0x000000606d600000] [id=3328]

Threads with active compile tasks:
C2 CompilerThread0    27391 7962       4       org.codehaus.plexus.classworlds.realm.Entry::matches (282 bytes)

VM state: not at safepoint (normal execution)

VM Mutex/Monitor currently owned by a thread: None

Heap address: 0x0000000081e00000, size: 2018 MB, Compressed Oops mode: 32-bit

CDS archive(s) mapped at: [0x0000000800000000-0x0000000800bc0000-0x0000000800bc0000), size 12320768, SharedBaseAddress: 0x0000000800000000, ArchiveRelocationMode: 0.
Compressed class space mapped at: 0x0000000800c00000-0x0000000840c00000, reserved size: 1073741824
Narrow klass base: 0x0000000800000000, Narrow klass shift: 0, Narrow klass range: 0x100000000

GC Precious Log:
 CPUs: 4 total, 4 available
 Memory: 8071M
 Large Page Support: Disabled
 NUMA Support: Disabled
 Compressed Oops: Enabled (32-bit)
 Heap Region Size: 1M
 Heap Min Capacity: 8M
 Heap Initial Capacity: 128M
 Heap Max Capacity: 2018M
 Pre-touch: Disabled
 Parallel Workers: 4
 Concurrent Workers: 1
 Concurrent Refinement Workers: 4
 Periodic GC: Disabled

Heap:
 garbage-first heap   total 146432K, used 102281K [0x0000000081e00000, 0x0000000100000000)
  region size 1024K, 47 young (48128K), 2 survivors (2048K)
 Metaspace       used 30502K, committed 30912K, reserved 1081344K
  class space    used 3312K, committed 3520K, reserved 1048576K

Heap Regions: E=young(eden), S=young(survivor), O=old, HS=humongous(starts), HC=humongous(continues), CS=collection set, F=free, OA=open archive, CA=closed archive, TAMS=top-at-mark-start (previous, next)
|   0|0x0000000081e00000, 0x0000000081f00000, 0x0000000081f00000|100%| O|  |TAMS 0x0000000081f00000, 0x0000000081e00000| Untracked 
|   1|0x0000000081f00000, 0x0000000082000000, 0x0000000082000000|100%| O|  |TAMS 0x0000000082000000, 0x0000000081f00000| Untracked 
|   2|0x0000000082000000, 0x0000000082100000, 0x0000000082100000|100%| O|  |TAMS 0x0000000082100000, 0x0000000082000000| Untracked 
|   3|0x0000000082100000, 0x0000000082200000, 0x0000000082200000|100%| O|  |TAMS 0x0000000082200000, 0x0000000082100000| Untracked 
|   4|0x0000000082200000, 0x0000000082300000, 0x0000000082300000|100%| O|  |TAMS 0x0000000082300000, 0x0000000082200000| Untracked 
|   5|0x0000000082300000, 0x0000000082400000, 0x0000000082400000|100%| O|  |TAMS 0x0000000082400000, 0x0000000082300000| Untracked 
|   6|0x0000000082400000, 0x0000000082500000, 0x0000000082500000|100%| O|  |TAMS 0x0000000082500000, 0x0000000082400000| Untracked 
|   7|0x0000000082500000, 0x0000000082600000, 0x0000000082600000|100%| O|  |TAMS 0x0000000082600000, 0x0000000082500000| Untracked 
|   8|0x0000000082600000, 0x0000000082700000, 0x0000000082700000|100%| O|  |TAMS 0x0000000082700000, 0x0000000082600000| Untracked 
|   9|0x0000000082700000, 0x0000000082800000, 0x0000000082800000|100%| O|  |TAMS 0x0000000082800000, 0x0000000082700000| Untracked 
|  10|0x0000000082800000, 0x0000000082900000, 0x0000000082900000|100%| O|  |TAMS 0x0000000082900000, 0x0000000082800000| Untracked 
|  11|0x0000000082900000, 0x0000000082a00000, 0x0000000082a00000|100%|HS|  |TAMS 0x0000000082a00000, 0x0000000082900000| Complete 
|  12|0x0000000082a00000, 0x0000000082b00000, 0x0000000082b00000|100%|HS|  |TAMS 0x0000000082b00000, 0x0000000082a00000| Complete 
|  13|0x0000000082b00000, 0x0000000082c00000, 0x0000000082c00000|100%|HS|  |TAMS 0x0000000082c00000, 0x0000000082b00000| Complete 
|  14|0x0000000082c00000, 0x0000000082d00000, 0x0000000082d00000|100%| O|  |TAMS 0x0000000082d00000, 0x0000000082c00000| Untracked 
|  15|0x0000000082d00000, 0x0000000082e00000, 0x0000000082e00000|100%| O|  |TAMS 0x0000000082e00000, 0x0000000082d00000| Untracked 
|  16|0x0000000082e00000, 0x0000000082f00000, 0x0000000082f00000|100%| O|  |TAMS 0x0000000082f00000, 0x0000000082e00000| Untracked 
|  17|0x0000000082f00000, 0x0000000083000000, 0x0000000083000000|100%| O|  |TAMS 0x0000000083000000, 0x0000000082f00000| Untracked 
|  18|0x0000000083000000, 0x0000000083100000, 0x0000000083100000|100%| O|  |TAMS 0x0000000083100000, 0x0000000083000000| Untracked 
|  19|0x0000000083100000, 0x0000000083200000, 0x0000000083200000|100%| O|  |TAMS 0x0000000083200000, 0x0000000083100000| Untracked 
|  20|0x0000000083200000, 0x0000000083300000, 0x0000000083300000|100%| O|  |TAMS 0x0000000083300000, 0x0000000083200000| Untracked 
|  21|0x0000000083300000, 0x0000000083400000, 0x0000000083400000|100%| O|  |TAMS 0x0000000083400000, 0x0000000083300000| Untracked 
|  22|0x0000000083400000, 0x0000000083500000, 0x0000000083500000|100%| O|  |TAMS 0x0000000083500000, 0x0000000083400000| Untracked 
|  23|0x0000000083500000, 0x0000000083600000, 0x0000000083600000|100%|HS|  |TAMS 0x0000000083600000, 0x0000000083500000| Complete 
|  24|0x0000000083600000, 0x0000000083700000, 0x0000000083700000|100%| O|  |TAMS 0x0000000083700000, 0x0000000083600000| Untracked 
|  25|0x0000000083700000, 0x0000000083800000, 0x0000000083800000|100%| O|  |TAMS 0x0000000083800000, 0x0000000083700000| Complete 
|  26|0x0000000083800000, 0x0000000083900000, 0x0000000083900000|100%| O|  |TAMS 0x0000000083900000, 0x0000000083800000| Complete 
|  27|0x0000000083900000, 0x0000000083900000, 0x0000000083a00000|  0%| F|  |TAMS 0x0000000083900000, 0x0000000083900000| Untracked 
|  28|0x0000000083a00000, 0x0000000083b00000, 0x0000000083b00000|100%| O|  |TAMS 0x0000000083b00000, 0x0000000083a00000| Untracked 
|  29|0x0000000083b00000, 0x0000000083c00000, 0x0000000083c00000|100%| O|  |TAMS 0x0000000083c00000, 0x0000000083b00000| Untracked 
|  30|0x0000000083c00000, 0x0000000083d00000, 0x0000000083d00000|100%| O|  |TAMS 0x0000000083d00000, 0x0000000083c00000| Untracked 
|  31|0x0000000083d00000, 0x0000000083e00000, 0x0000000083e00000|100%| O|  |TAMS 0x0000000083e00000, 0x0000000083d00000| Untracked 
|  32|0x0000000083e00000, 0x0000000083f00000, 0x0000000083f00000|100%| O|  |TAMS 0x0000000083f00000, 0x0000000083e00000| Untracked 
|  33|0x0000000083f00000, 0x0000000084000000, 0x0000000084000000|100%| O|  |TAMS 0x0000000084000000, 0x0000000083f00000| Untracked 
|  34|0x0000000084000000, 0x0000000084100000, 0x0000000084100000|100%| O|  |TAMS 0x0000000084100000, 0x0000000084000000| Untracked 
|  35|0x0000000084100000, 0x0000000084200000, 0x0000000084200000|100%| O|  |TAMS 0x0000000084200000, 0x0000000084100000| Untracked 
|  36|0x0000000084200000, 0x0000000084300000, 0x0000000084300000|100%| O|  |TAMS 0x0000000084300000, 0x0000000084200000| Untracked 
|  37|0x0000000084300000, 0x0000000084400000, 0x0000000084400000|100%| O|  |TAMS 0x0000000084400000, 0x0000000084300000| Untracked 
|  38|0x0000000084400000, 0x0000000084500000, 0x0000000084500000|100%| O|  |TAMS 0x0000000084500000, 0x0000000084400000| Untracked 
|  39|0x0000000084500000, 0x0000000084600000, 0x0000000084600000|100%| O|  |TAMS 0x0000000084600000, 0x0000000084500000| Untracked 
|  40|0x0000000084600000, 0x0000000084700000, 0x0000000084700000|100%| O|  |TAMS 0x0000000084700000, 0x0000000084600000| Untracked 
|  41|0x0000000084700000, 0x0000000084800000, 0x0000000084800000|100%| O|  |TAMS 0x0000000084800000, 0x0000000084700000| Untracked 
|  42|0x0000000084800000, 0x0000000084900000, 0x0000000084900000|100%| O|  |TAMS 0x0000000084900000, 0x0000000084800000| Untracked 
|  43|0x0000000084900000, 0x0000000084a00000, 0x0000000084a00000|100%| O|  |TAMS 0x0000000084a00000, 0x0000000084900000| Untracked 
|  44|0x0000000084a00000, 0x0000000084b00000, 0x0000000084b00000|100%| O|  |TAMS 0x0000000084b00000, 0x0000000084a00000| Untracked 
|  45|0x0000000084b00000, 0x0000000084c00000, 0x0000000084c00000|100%| O|  |TAMS 0x0000000084c00000, 0x0000000084b00000| Untracked 
|  46|0x0000000084c00000, 0x0000000084d00000, 0x0000000084d00000|100%| O|  |TAMS 0x0000000084d00000, 0x0000000084c00000| Untracked 
|  47|0x0000000084d00000, 0x0000000084e00000, 0x0000000084e00000|100%| O|  |TAMS 0x0000000084d2c600, 0x0000000084d00000| Untracked 
|  48|0x0000000084e00000, 0x0000000084f00000, 0x0000000084f00000|100%| O|  |TAMS 0x0000000084e00000, 0x0000000084e00000| Untracked 
|  49|0x0000000084f00000, 0x0000000085000000, 0x0000000085000000|100%| O|  |TAMS 0x0000000084f00000, 0x0000000084f00000| Untracked 
|  50|0x0000000085000000, 0x0000000085100000, 0x0000000085100000|100%| O|  |TAMS 0x0000000085000000, 0x0000000085000000| Untracked 
|  51|0x0000000085100000, 0x0000000085200000, 0x0000000085200000|100%| O|  |TAMS 0x0000000085100000, 0x0000000085100000| Untracked 
|  52|0x0000000085200000, 0x0000000085300000, 0x0000000085300000|100%| O|  |TAMS 0x0000000085200000, 0x0000000085200000| Untracked 
|  53|0x0000000085300000, 0x000000008536f600, 0x0000000085400000| 43%| O|  |TAMS 0x0000000085300000, 0x0000000085300000| Untracked 
|  54|0x0000000085400000, 0x0000000085400000, 0x0000000085500000|  0%| F|  |TAMS 0x0000000085400000, 0x0000000085400000| Untracked 
|  55|0x0000000085500000, 0x0000000085500000, 0x0000000085600000|  0%| F|  |TAMS 0x0000000085500000, 0x0000000085500000| Untracked 
|  56|0x0000000085600000, 0x0000000085600000, 0x0000000085700000|  0%| F|  |TAMS 0x0000000085600000, 0x0000000085600000| Untracked 
|  57|0x0000000085700000, 0x0000000085700000, 0x0000000085800000|  0%| F|  |TAMS 0x0000000085700000, 0x0000000085700000| Untracked 
|  58|0x0000000085800000, 0x0000000085800000, 0x0000000085900000|  0%| F|  |TAMS 0x0000000085800000, 0x0000000085800000| Untracked 
|  59|0x0000000085900000, 0x0000000085900000, 0x0000000085a00000|  0%| F|  |TAMS 0x0000000085900000, 0x0000000085900000| Untracked 
|  60|0x0000000085a00000, 0x0000000085a00000, 0x0000000085b00000|  0%| F|  |TAMS 0x0000000085a00000, 0x0000000085a00000| Untracked 
|  61|0x0000000085b00000, 0x0000000085b00000, 0x0000000085c00000|  0%| F|  |TAMS 0x0000000085b00000, 0x0000000085b00000| Untracked 
|  62|0x0000000085c00000, 0x0000000085c00000, 0x0000000085d00000|  0%| F|  |TAMS 0x0000000085c00000, 0x0000000085c00000| Untracked 
|  63|0x0000000085d00000, 0x0000000085d00000, 0x0000000085e00000|  0%| F|  |TAMS 0x0000000085d00000, 0x0000000085d00000| Untracked 
|  64|0x0000000085e00000, 0x0000000085e00000, 0x0000000085f00000|  0%| F|  |TAMS 0x0000000085e00000, 0x0000000085e00000| Untracked 
|  65|0x0000000085f00000, 0x0000000085f00000, 0x0000000086000000|  0%| F|  |TAMS 0x0000000085f00000, 0x0000000085f00000| Untracked 
|  66|0x0000000086000000, 0x0000000086000000, 0x0000000086100000|  0%| F|  |TAMS 0x0000000086000000, 0x0000000086000000| Untracked 
|  67|0x0000000086100000, 0x0000000086100000, 0x0000000086200000|  0%| F|  |TAMS 0x0000000086100000, 0x0000000086100000| Untracked 
|  68|0x0000000086200000, 0x0000000086200000, 0x0000000086300000|  0%| F|  |TAMS 0x0000000086200000, 0x0000000086200000| Untracked 
|  69|0x0000000086300000, 0x0000000086300000, 0x0000000086400000|  0%| F|  |TAMS 0x0000000086300000, 0x0000000086300000| Untracked 
|  70|0x0000000086400000, 0x0000000086400000, 0x0000000086500000|  0%| F|  |TAMS 0x0000000086400000, 0x0000000086400000| Untracked 
|  71|0x0000000086500000, 0x0000000086500000, 0x0000000086600000|  0%| F|  |TAMS 0x0000000086500000, 0x0000000086500000| Untracked 
|  72|0x0000000086600000, 0x0000000086600000, 0x0000000086700000|  0%| F|  |TAMS 0x0000000086600000, 0x0000000086600000| Untracked 
|  73|0x0000000086700000, 0x0000000086700000, 0x0000000086800000|  0%| F|  |TAMS 0x0000000086700000, 0x0000000086700000| Untracked 
|  74|0x0000000086800000, 0x0000000086800000, 0x0000000086900000|  0%| F|  |TAMS 0x0000000086800000, 0x0000000086800000| Untracked 
|  75|0x0000000086900000, 0x0000000086973030, 0x0000000086a00000| 44%| S|CS|TAMS 0x0000000086900000, 0x0000000086900000| Complete 
|  76|0x0000000086a00000, 0x0000000086b00000, 0x0000000086b00000|100%| S|CS|TAMS 0x0000000086a00000, 0x0000000086a00000| Complete 
|  77|0x0000000086b00000, 0x0000000086b00000, 0x0000000086c00000|  0%| F|  |TAMS 0x0000000086b00000, 0x0000000086b00000| Untracked 
|  78|0x0000000086c00000, 0x0000000086c00000, 0x0000000086d00000|  0%| F|  |TAMS 0x0000000086c00000, 0x0000000086c00000| Untracked 
|  79|0x0000000086d00000, 0x0000000086d00000, 0x0000000086e00000|  0%| F|  |TAMS 0x0000000086d00000, 0x0000000086d00000| Untracked 
|  80|0x0000000086e00000, 0x0000000086e00000, 0x0000000086f00000|  0%| F|  |TAMS 0x0000000086e00000, 0x0000000086e00000| Untracked 
|  81|0x0000000086f00000, 0x0000000086f00000, 0x0000000087000000|  0%| F|  |TAMS 0x0000000086f00000, 0x0000000086f00000| Untracked 
|  82|0x0000000087000000, 0x0000000087000000, 0x0000000087100000|  0%| F|  |TAMS 0x0000000087000000, 0x0000000087000000| Untracked 
|  83|0x0000000087100000, 0x0000000087100000, 0x0000000087200000|  0%| F|  |TAMS 0x0000000087100000, 0x0000000087100000| Untracked 
|  84|0x0000000087200000, 0x0000000087200000, 0x0000000087300000|  0%| F|  |TAMS 0x0000000087200000, 0x0000000087200000| Untracked 
|  85|0x0000000087300000, 0x0000000087300000, 0x0000000087400000|  0%| F|  |TAMS 0x0000000087300000, 0x0000000087300000| Untracked 
|  86|0x0000000087400000, 0x0000000087400000, 0x0000000087500000|  0%| F|  |TAMS 0x0000000087400000, 0x0000000087400000| Untracked 
|  87|0x0000000087500000, 0x0000000087500000, 0x0000000087600000|  0%| F|  |TAMS 0x0000000087500000, 0x0000000087500000| Untracked 
|  88|0x0000000087600000, 0x0000000087600000, 0x0000000087700000|  0%| F|  |TAMS 0x0000000087600000, 0x0000000087600000| Untracked 
|  89|0x0000000087700000, 0x0000000087700000, 0x0000000087800000|  0%| F|  |TAMS 0x0000000087700000, 0x0000000087700000| Untracked 
|  90|0x0000000087800000, 0x0000000087800000, 0x0000000087900000|  0%| F|  |TAMS 0x0000000087800000, 0x0000000087800000| Untracked 
|  91|0x0000000087900000, 0x0000000087900000, 0x0000000087a00000|  0%| F|  |TAMS 0x0000000087900000, 0x0000000087900000| Untracked 
|  92|0x0000000087a00000, 0x0000000087a00000, 0x0000000087b00000|  0%| F|  |TAMS 0x0000000087a00000, 0x0000000087a00000| Untracked 
|  93|0x0000000087b00000, 0x0000000087b00000, 0x0000000087c00000|  0%| F|  |TAMS 0x0000000087b00000, 0x0000000087b00000| Untracked 
|  94|0x0000000087c00000, 0x0000000087c00000, 0x0000000087d00000|  0%| F|  |TAMS 0x0000000087c00000, 0x0000000087c00000| Untracked 
|  95|0x0000000087d00000, 0x0000000087d00000, 0x0000000087e00000|  0%| F|  |TAMS 0x0000000087d00000, 0x0000000087d00000| Untracked 
|  96|0x0000000087e00000, 0x0000000087f00000, 0x0000000087f00000|100%| E|  |TAMS 0x0000000087e00000, 0x0000000087e00000| Complete 
|  97|0x0000000087f00000, 0x0000000088000000, 0x0000000088000000|100%| E|CS|TAMS 0x0000000087f00000, 0x0000000087f00000| Complete 
|  98|0x0000000088000000, 0x0000000088100000, 0x0000000088100000|100%| E|CS|TAMS 0x0000000088000000, 0x0000000088000000| Complete 
|  99|0x0000000088100000, 0x0000000088200000, 0x0000000088200000|100%| E|CS|TAMS 0x0000000088100000, 0x0000000088100000| Complete 
| 100|0x0000000088200000, 0x0000000088300000, 0x0000000088300000|100%| E|CS|TAMS 0x0000000088200000, 0x0000000088200000| Complete 
| 101|0x0000000088300000, 0x0000000088400000, 0x0000000088400000|100%| E|CS|TAMS 0x0000000088300000, 0x0000000088300000| Complete 
| 102|0x0000000088400000, 0x0000000088500000, 0x0000000088500000|100%| E|CS|TAMS 0x0000000088400000, 0x0000000088400000| Complete 
| 103|0x0000000088500000, 0x0000000088600000, 0x0000000088600000|100%| E|CS|TAMS 0x0000000088500000, 0x0000000088500000| Complete 
| 104|0x0000000088600000, 0x0000000088700000, 0x0000000088700000|100%| E|CS|TAMS 0x0000000088600000, 0x0000000088600000| Complete 
| 105|0x0000000088700000, 0x0000000088800000, 0x0000000088800000|100%| E|CS|TAMS 0x0000000088700000, 0x0000000088700000| Complete 
| 106|0x0000000088800000, 0x0000000088900000, 0x0000000088900000|100%| E|CS|TAMS 0x0000000088800000, 0x0000000088800000| Complete 
| 107|0x0000000088900000, 0x0000000088a00000, 0x0000000088a00000|100%| E|CS|TAMS 0x0000000088900000, 0x0000000088900000| Complete 
| 108|0x0000000088a00000, 0x0000000088b00000, 0x0000000088b00000|100%| E|CS|TAMS 0x0000000088a00000, 0x0000000088a00000| Complete 
| 109|0x0000000088b00000, 0x0000000088c00000, 0x0000000088c00000|100%| E|CS|TAMS 0x0000000088b00000, 0x0000000088b00000| Complete 
| 110|0x0000000088c00000, 0x0000000088d00000, 0x0000000088d00000|100%| E|CS|TAMS 0x0000000088c00000, 0x0000000088c00000| Complete 
| 111|0x0000000088d00000, 0x0000000088e00000, 0x0000000088e00000|100%| E|CS|TAMS 0x0000000088d00000, 0x0000000088d00000| Complete 
| 112|0x0000000088e00000, 0x0000000088f00000, 0x0000000088f00000|100%| E|CS|TAMS 0x0000000088e00000, 0x0000000088e00000| Complete 
| 113|0x0000000088f00000, 0x0000000089000000, 0x0000000089000000|100%| E|CS|TAMS 0x0000000088f00000, 0x0000000088f00000| Complete 
| 114|0x0000000089000000, 0x0000000089100000, 0x0000000089100000|100%| E|CS|TAMS 0x0000000089000000, 0x0000000089000000| Complete 
| 115|0x0000000089100000, 0x0000000089200000, 0x0000000089200000|100%| E|CS|TAMS 0x0000000089100000, 0x0000000089100000| Complete 
| 116|0x0000000089200000, 0x0000000089300000, 0x0000000089300000|100%| E|CS|TAMS 0x0000000089200000, 0x0000000089200000| Complete 
| 117|0x0000000089300000, 0x0000000089400000, 0x0000000089400000|100%| E|CS|TAMS 0x0000000089300000, 0x0000000089300000| Complete 
| 118|0x0000000089400000, 0x0000000089500000, 0x0000000089500000|100%| E|CS|TAMS 0x0000000089400000, 0x0000000089400000| Complete 
| 119|0x0000000089500000, 0x0000000089600000, 0x0000000089600000|100%| E|CS|TAMS 0x0000000089500000, 0x0000000089500000| Complete 
| 120|0x0000000089600000, 0x0000000089700000, 0x0000000089700000|100%| E|CS|TAMS 0x0000000089600000, 0x0000000089600000| Complete 
| 121|0x0000000089700000, 0x0000000089800000, 0x0000000089800000|100%| E|CS|TAMS 0x0000000089700000, 0x0000000089700000| Complete 
| 122|0x0000000089800000, 0x0000000089900000, 0x0000000089900000|100%| E|CS|TAMS 0x0000000089800000, 0x0000000089800000| Complete 
| 123|0x0000000089900000, 0x0000000089a00000, 0x0000000089a00000|100%| E|CS|TAMS 0x0000000089900000, 0x0000000089900000| Complete 
| 124|0x0000000089a00000, 0x0000000089b00000, 0x0000000089b00000|100%| E|CS|TAMS 0x0000000089a00000, 0x0000000089a00000| Complete 
| 125|0x0000000089b00000, 0x0000000089c00000, 0x0000000089c00000|100%| E|CS|TAMS 0x0000000089b00000, 0x0000000089b00000| Complete 
| 126|0x0000000089c00000, 0x0000000089d00000, 0x0000000089d00000|100%| E|CS|TAMS 0x0000000089c00000, 0x0000000089c00000| Complete 
| 127|0x0000000089d00000, 0x0000000089e00000, 0x0000000089e00000|100%| E|CS|TAMS 0x0000000089d00000, 0x0000000089d00000| Complete 
| 128|0x0000000089e00000, 0x0000000089f00000, 0x0000000089f00000|100%| E|CS|TAMS 0x0000000089e00000, 0x0000000089e00000| Complete 
| 129|0x0000000089f00000, 0x000000008a000000, 0x000000008a000000|100%| E|CS|TAMS 0x0000000089f00000, 0x0000000089f00000| Complete 
| 130|0x000000008a000000, 0x000000008a100000, 0x000000008a100000|100%| E|CS|TAMS 0x000000008a000000, 0x000000008a000000| Complete 
| 131|0x000000008a100000, 0x000000008a200000, 0x000000008a200000|100%| E|CS|TAMS 0x000000008a100000, 0x000000008a100000| Complete 
| 132|0x000000008a200000, 0x000000008a300000, 0x000000008a300000|100%| E|CS|TAMS 0x000000008a200000, 0x000000008a200000| Complete 
| 133|0x000000008a300000, 0x000000008a400000, 0x000000008a400000|100%| E|CS|TAMS 0x000000008a300000, 0x000000008a300000| Complete 
| 134|0x000000008a400000, 0x000000008a500000, 0x000000008a500000|100%| E|CS|TAMS 0x000000008a400000, 0x000000008a400000| Complete 
| 135|0x000000008a500000, 0x000000008a600000, 0x000000008a600000|100%| E|CS|TAMS 0x000000008a500000, 0x000000008a500000| Complete 
| 165|0x000000008c300000, 0x000000008c400000, 0x000000008c400000|100%| E|CS|TAMS 0x000000008c300000, 0x000000008c300000| Complete 
| 166|0x000000008c400000, 0x000000008c500000, 0x000000008c500000|100%| E|CS|TAMS 0x000000008c400000, 0x000000008c400000| Complete 
| 167|0x000000008c500000, 0x000000008c600000, 0x000000008c600000|100%| E|CS|TAMS 0x000000008c500000, 0x000000008c500000| Complete 
| 168|0x000000008c600000, 0x000000008c700000, 0x000000008c700000|100%| E|CS|TAMS 0x000000008c600000, 0x000000008c600000| Complete 
| 169|0x000000008c700000, 0x000000008c800000, 0x000000008c800000|100%| E|CS|TAMS 0x000000008c700000, 0x000000008c700000| Complete 
|2016|0x00000000ffe00000, 0x00000000fff00000, 0x00000000fff00000|100%| O|  |TAMS 0x00000000fff00000, 0x00000000ffe00000| Untracked 
|2017|0x00000000fff00000, 0x0000000100000000, 0x0000000100000000|100%| O|  |TAMS 0x0000000100000000, 0x00000000fff00000| Untracked 

Card table byte_map: [0x0000018f247e0000,0x0000018f24be0000] _byte_map_base: 0x0000018f243d1000

Marking Bits (Prev, Next): (CMBitMap*) 0x0000018f0dc1df00, (CMBitMap*) 0x0000018f0dc1dec0
 Prev Bits: [0x0000018f26f70000, 0x0000018f28ef8000)
 Next Bits: [0x0000018f24fe0000, 0x0000018f26f68000)

Polling page: 0x0000018f0b990000

Metaspace:

Usage:
  Non-class:     26.55 MB used.
      Class:      3.24 MB used.
       Both:     29.79 MB used.

Virtual space:
  Non-class space:       32.00 MB reserved,      26.75 MB ( 84%) committed,  4 nodes.
      Class space:        1.00 GB reserved,       3.44 MB ( <1%) committed,  1 nodes.
             Both:        1.03 GB reserved,      30.19 MB (  3%) committed. 

Chunk freelists:
   Non-Class:  896.00 KB
       Class:  611.00 KB
        Both:  1.47 MB

MaxMetaspaceSize: unlimited
CompressedClassSpaceSize: 1.00 GB
Initial GC threshold: 21.00 MB
Current GC threshold: 48.38 MB
CDS: on
MetaspaceReclaimPolicy: balanced
 - commit_granule_bytes: 65536.
 - commit_granule_words: 8192.
 - virtual_space_node_default_size: 1048576.
 - enlarge_chunks_in_place: 1.
 - new_chunks_are_fully_committed: 0.
 - uncommit_free_chunks: 1.
 - use_allocation_guard: 0.
 - handle_deallocations: 1.


Internal statistics:

num_allocs_failed_limit: 6.
num_arena_births: 268.
num_arena_deaths: 10.
num_vsnodes_births: 5.
num_vsnodes_deaths: 0.
num_space_committed: 499.
num_space_uncommitted: 16.
num_chunks_returned_to_freelist: 103.
num_chunks_taken_from_freelist: 1492.
num_chunk_merges: 27.
num_chunk_splits: 984.
num_chunks_enlarged: 722.
num_purges: 2.
num_inconsistent_stats: 0.

CodeHeap 'non-profiled nmethods': size=120000Kb used=4395Kb max_used=4395Kb free=115604Kb
 bounds [0x0000018f1ceb0000, 0x0000018f1d300000, 0x0000018f243e0000]
CodeHeap 'profiled nmethods': size=120000Kb used=14978Kb max_used=14978Kb free=105022Kb
 bounds [0x0000018f15980000, 0x0000018f16830000, 0x0000018f1ceb0000]
CodeHeap 'non-nmethods': size=5760Kb used=1245Kb max_used=1363Kb free=4514Kb
 bounds [0x0000018f153e0000, 0x0000018f15650000, 0x0000018f15980000]
 total_blobs=7640 nmethods=7085 adapters=465
 compilation: enabled
              stopped_count=0, restarted_count=0
 full_count=0

Compilation events (20 events):
Event: 24.016 Thread 0x0000018f2b2dfca0 nmethod 7952 0x0000018f16820290 code [0x0000018f16820420, 0x0000018f16820578]
Event: 24.203 Thread 0x0000018f2b2dfca0 7953       3       java.util.concurrent.locks.AbstractQueuedSynchronizer$ConditionObject::canReacquire (28 bytes)
Event: 24.204 Thread 0x0000018f2b2dfca0 nmethod 7953 0x0000018f16820610 code [0x0000018f168207c0, 0x0000018f16820b18]
Event: 24.675 Thread 0x0000018f2b26dac0 7954       4       sun.nio.cs.UTF_8$Encoder::encodeLoop (28 bytes)
Event: 24.676 Thread 0x0000018f2b26dac0 nmethod 7954 0x0000018f1d2fa190 code [0x0000018f1d2fa320, 0x0000018f1d2fa468]
Event: 25.107 Thread 0x0000018f2b2dfca0 7955       3       java.util.concurrent.ThreadPoolExecutor::workerCountOf (5 bytes)
Event: 25.107 Thread 0x0000018f2b2dfca0 nmethod 7955 0x0000018f15ea9e90 code [0x0000018f15eaa020, 0x0000018f15eaa118]
Event: 26.803 Thread 0x0000018f2b2dfca0 7956       1       java.util.concurrent.ThreadPoolExecutor::getQueue (5 bytes)
Event: 26.803 Thread 0x0000018f2b2dfca0 nmethod 7956 0x0000018f1d2fa610 code [0x0000018f1d2fa7a0, 0x0000018f1d2fa878]
Event: 26.917 Thread 0x0000018f2b2dfca0 7957       3       java.util.concurrent.locks.LockSupport::setBlocker (12 bytes)
Event: 26.918 Thread 0x0000018f2b2dfca0 nmethod 7957 0x0000018f16820c90 code [0x0000018f16820e40, 0x0000018f16821048]
Event: 26.923 Thread 0x0000018f2b2dfca0 7958       3       java.util.concurrent.ScheduledThreadPoolExecutor$DelayedWorkQueue::setIndex (16 bytes)
Event: 26.923 Thread 0x0000018f2b2dfca0 nmethod 7958 0x0000018f16821110 code [0x0000018f168212c0, 0x0000018f168215d8]
Event: 27.111 Thread 0x0000018f2b2dfca0 7959       3       java.util.concurrent.ConcurrentLinkedQueue$Itr::hasNext (13 bytes)
Event: 27.112 Thread 0x0000018f2b2dfca0 nmethod 7959 0x0000018f16821690 code [0x0000018f16821820, 0x0000018f16821998]
Event: 27.227 Thread 0x0000018f2b2dfca0 7960       1       org.apache.maven.plugin.surefire.booterclient.ForkStarter::access$700 (5 bytes)
Event: 27.227 Thread 0x0000018f2b2dfca0 nmethod 7960 0x0000018f1d2fa910 code [0x0000018f1d2faaa0, 0x0000018f1d2fab58]
Event: 27.328 Thread 0x0000018f2b2dfca0 7961       1       org.apache.maven.plugin.surefire.booterclient.ForkStarter::access$800 (5 bytes)
Event: 27.328 Thread 0x0000018f2b2dfca0 nmethod 7961 0x0000018f1d2fac10 code [0x0000018f1d2fada0, 0x0000018f1d2fae58]
Event: 27.332 Thread 0x0000018f2b26dac0 7962       4       org.codehaus.plexus.classworlds.realm.Entry::matches (282 bytes)

GC Heap History (20 events):
Event: 8.261 GC heap before
{Heap before GC invocations=8 (full 0):
 garbage-first heap   total 63488K, used 25869K [0x0000000081e00000, 0x0000000100000000)
  region size 1024K, 6 young (6144K), 5 survivors (5120K)
 Metaspace       used 23735K, committed 24000K, reserved 1073152K
  class space    used 2644K, committed 2752K, reserved 1048576K
}
Event: 8.265 GC heap after
{Heap after GC invocations=9 (full 0):
 garbage-first heap   total 63488K, used 26669K [0x0000000081e00000, 0x0000000100000000)
  region size 1024K, 1 young (1024K), 1 survivors (1024K)
 Metaspace       used 23735K, committed 24000K, reserved 1073152K
  class space    used 2644K, committed 2752K, reserved 1048576K
}
Event: 8.268 GC heap before
{Heap before GC invocations=9 (full 0):
 garbage-first heap   total 63488K, used 46125K [0x0000000081e00000, 0x0000000100000000)
  region size 1024K, 21 young (21504K), 1 survivors (1024K)
 Metaspace       used 23735K, committed 24000K, reserved 1073152K
  class space    used 2644K, committed 2752K, reserved 1048576K
}
Event: 8.270 GC heap after
{Heap after GC invocations=10 (full 0):
 garbage-first heap   total 176128K, used 26819K [0x0000000081e00000, 0x0000000100000000)
  region size 1024K, 1 young (1024K), 1 survivors (1024K)
 Metaspace       used 23735K, committed 24000K, reserved 1073152K
  class space    used 2644K, committed 2752K, reserved 1048576K
}
Event: 9.909 GC heap before
{Heap before GC invocations=11 (full 0):
 garbage-first heap   total 109568K, used 92355K [0x0000000081e00000, 0x0000000100000000)
  region size 1024K, 66 young (67584K), 1 survivors (1024K)
 Metaspace       used 26094K, committed 26432K, reserved 1073152K
  class space    used 2883K, committed 3072K, reserved 1048576K
}
Event: 9.923 GC heap after
{Heap after GC invocations=12 (full 0):
 garbage-first heap   total 109568K, used 37227K [0x0000000081e00000, 0x0000000100000000)
  region size 1024K, 10 young (10240K), 10 survivors (10240K)
 Metaspace       used 26094K, committed 26432K, reserved 1073152K
  class space    used 2883K, committed 3072K, reserved 1048576K
}
Event: 10.195 GC heap before
{Heap before GC invocations=12 (full 0):
 garbage-first heap   total 109568K, used 40299K [0x0000000081e00000, 0x0000000100000000)
  region size 1024K, 14 young (14336K), 10 survivors (10240K)
 Metaspace       used 26371K, committed 26688K, reserved 1073152K
  class space    used 2914K, committed 3072K, reserved 1048576K
}
Event: 10.207 GC heap after
{Heap after GC invocations=13 (full 0):
 garbage-first heap   total 109568K, used 37770K [0x0000000081e00000, 0x0000000100000000)
  region size 1024K, 1 young (1024K), 1 survivors (1024K)
 Metaspace       used 26371K, committed 26688K, reserved 1073152K
  class space    used 2914K, committed 3072K, reserved 1048576K
}
Event: 10.766 GC heap before
{Heap before GC invocations=13 (full 0):
 garbage-first heap   total 109568K, used 81802K [0x0000000081e00000, 0x0000000100000000)
  region size 1024K, 44 young (45056K), 1 survivors (1024K)
 Metaspace       used 26996K, committed 27392K, reserved 1073152K
  class space    used 2978K, committed 3200K, reserved 1048576K
}
Event: 10.769 GC heap after
{Heap after GC invocations=14 (full 0):
 garbage-first heap   total 109568K, used 37473K [0x0000000081e00000, 0x0000000100000000)
  region size 1024K, 1 young (1024K), 1 survivors (1024K)
 Metaspace       used 26996K, committed 27392K, reserved 1073152K
  class space    used 2978K, committed 3200K, reserved 1048576K
}
Event: 11.774 GC heap before
{Heap before GC invocations=14 (full 0):
 garbage-first heap   total 109568K, used 83553K [0x0000000081e00000, 0x0000000100000000)
  region size 1024K, 46 young (47104K), 1 survivors (1024K)
 Metaspace       used 28641K, committed 28992K, reserved 1081344K
  class space    used 3140K, committed 3328K, reserved 1048576K
}
Event: 11.783 GC heap after
{Heap after GC invocations=15 (full 0):
 garbage-first heap   total 109568K, used 38652K [0x0000000081e00000, 0x0000000100000000)
  region size 1024K, 2 young (2048K), 2 survivors (2048K)
 Metaspace       used 28641K, committed 28992K, reserved 1081344K
  class space    used 3140K, committed 3328K, reserved 1048576K
}
Event: 12.143 GC heap before
{Heap before GC invocations=15 (full 0):
 garbage-first heap   total 109568K, used 85756K [0x0000000081e00000, 0x0000000100000000)
  region size 1024K, 48 young (49152K), 2 survivors (2048K)
 Metaspace       used 28937K, committed 29312K, reserved 1081344K
  class space    used 3177K, committed 3328K, reserved 1048576K
}
Event: 12.151 GC heap after
{Heap after GC invocations=16 (full 0):
 garbage-first heap   total 109568K, used 38079K [0x0000000081e00000, 0x0000000100000000)
  region size 1024K, 3 young (3072K), 3 survivors (3072K)
 Metaspace       used 28937K, committed 29312K, reserved 1081344K
  class space    used 3177K, committed 3328K, reserved 1048576K
}
Event: 12.428 GC heap before
{Heap before GC invocations=16 (full 0):
 garbage-first heap   total 109568K, used 87231K [0x0000000081e00000, 0x0000000100000000)
  region size 1024K, 50 young (51200K), 3 survivors (3072K)
 Metaspace       used 28996K, committed 29376K, reserved 1081344K
  class space    used 3178K, committed 3392K, reserved 1048576K
}
Event: 12.440 GC heap after
{Heap after GC invocations=17 (full 0):
 garbage-first heap   total 109568K, used 48038K [0x0000000081e00000, 0x0000000100000000)
  region size 1024K, 7 young (7168K), 7 survivors (7168K)
 Metaspace       used 28996K, committed 29376K, reserved 1081344K
  class space    used 3178K, committed 3392K, reserved 1048576K
}
Event: 12.762 GC heap before
{Heap before GC invocations=17 (full 0):
 garbage-first heap   total 109568K, used 85926K [0x0000000081e00000, 0x0000000100000000)
  region size 1024K, 45 young (46080K), 7 survivors (7168K)
 Metaspace       used 29015K, committed 29376K, reserved 1081344K
  class space    used 3178K, committed 3392K, reserved 1048576K
}
Event: 12.774 GC heap after
{Heap after GC invocations=18 (full 0):
 garbage-first heap   total 109568K, used 56497K [0x0000000081e00000, 0x0000000100000000)
  region size 1024K, 6 young (6144K), 6 survivors (6144K)
 Metaspace       used 29015K, committed 29376K, reserved 1081344K
  class space    used 3178K, committed 3392K, reserved 1048576K
}
Event: 13.510 GC heap before
{Heap before GC invocations=18 (full 0):
 garbage-first heap   total 109568K, used 84145K [0x0000000081e00000, 0x0000000100000000)
  region size 1024K, 34 young (34816K), 6 survivors (6144K)
 Metaspace       used 30286K, committed 30656K, reserved 1081344K
  class space    used 3328K, committed 3520K, reserved 1048576K
}
Event: 13.520 GC heap after
{Heap after GC invocations=19 (full 0):
 garbage-first heap   total 146432K, used 58249K [0x0000000081e00000, 0x0000000100000000)
  region size 1024K, 2 young (2048K), 2 survivors (2048K)
 Metaspace       used 30286K, committed 30656K, reserved 1081344K
  class space    used 3328K, committed 3520K, reserved 1048576K
}

Deoptimization events (20 events):
Event: 27.333 Thread 0x0000018f307ae080 Uncommon trap: trap_request=0xffffffc6 fr.pc=0x0000018f1d296178 relative=0x0000000000000fd8
Event: 27.333 Thread 0x0000018f307ae080 Uncommon trap: reason=bimorphic_or_optimized_type_check action=maybe_recompile pc=0x0000018f1d296178 method=java.util.stream.AbstractPipeline.copyIntoWithCancel(Ljava/util/stream/Sink;Ljava/util/Spliterator;)Z @ 19 c2
Event: 27.333 Thread 0x0000018f307ae080 DEOPT PACKING pc=0x0000018f1d296178 sp=0x000000606f0fe620
Event: 27.333 Thread 0x0000018f307ae080 DEOPT UNPACKING pc=0x0000018f154323a3 sp=0x000000606f0fe588 mode 2
Event: 27.333 Thread 0x0000018f307ae080 Uncommon trap: trap_request=0xffffffc6 fr.pc=0x0000018f1d293c14 relative=0x00000000000013b4
Event: 27.333 Thread 0x0000018f307ae080 Uncommon trap: reason=bimorphic_or_optimized_type_check action=maybe_recompile pc=0x0000018f1d293c14 method=java.util.stream.AbstractPipeline.wrapSink(Ljava/util/stream/Sink;)Ljava/util/stream/Sink; @ 23 c2
Event: 27.333 Thread 0x0000018f307ae080 DEOPT PACKING pc=0x0000018f1d293c14 sp=0x000000606f0fe6a0
Event: 27.333 Thread 0x0000018f307ae080 DEOPT UNPACKING pc=0x0000018f154323a3 sp=0x000000606f0fe600 mode 2
Event: 27.333 Thread 0x0000018f307ae080 Uncommon trap: trap_request=0xffffffc6 fr.pc=0x0000018f1d296178 relative=0x0000000000000fd8
Event: 27.333 Thread 0x0000018f307ae080 Uncommon trap: reason=bimorphic_or_optimized_type_check action=maybe_recompile pc=0x0000018f1d296178 method=java.util.stream.AbstractPipeline.copyIntoWithCancel(Ljava/util/stream/Sink;Ljava/util/Spliterator;)Z @ 19 c2
Event: 27.333 Thread 0x0000018f307ae080 DEOPT PACKING pc=0x0000018f1d296178 sp=0x000000606f0fe620
Event: 27.333 Thread 0x0000018f307ae080 DEOPT UNPACKING pc=0x0000018f154323a3 sp=0x000000606f0fe588 mode 2
Event: 27.333 Thread 0x0000018f307ae080 Uncommon trap: trap_request=0xffffffc6 fr.pc=0x0000018f1d293c14 relative=0x00000000000013b4
Event: 27.333 Thread 0x0000018f307ae080 Uncommon trap: reason=bimorphic_or_optimized_type_check action=maybe_recompile pc=0x0000018f1d293c14 method=java.util.stream.AbstractPipeline.wrapSink(Ljava/util/stream/Sink;)Ljava/util/stream/Sink; @ 23 c2
Event: 27.333 Thread 0x0000018f307ae080 DEOPT PACKING pc=0x0000018f1d293c14 sp=0x000000606f0fe6a0
Event: 27.333 Thread 0x0000018f307ae080 DEOPT UNPACKING pc=0x0000018f154323a3 sp=0x000000606f0fe600 mode 2
Event: 27.333 Thread 0x0000018f307ae080 Uncommon trap: trap_request=0xffffffc6 fr.pc=0x0000018f1d296178 relative=0x0000000000000fd8
Event: 27.333 Thread 0x0000018f307ae080 Uncommon trap: reason=bimorphic_or_optimized_type_check action=maybe_recompile pc=0x0000018f1d296178 method=java.util.stream.AbstractPipeline.copyIntoWithCancel(Ljava/util/stream/Sink;Ljava/util/Spliterator;)Z @ 19 c2
Event: 27.333 Thread 0x0000018f307ae080 DEOPT PACKING pc=0x0000018f1d296178 sp=0x000000606f0fe620
Event: 27.333 Thread 0x0000018f307ae080 DEOPT UNPACKING pc=0x0000018f154323a3 sp=0x000000606f0fe588 mode 2

Classes unloaded (20 events):
Event: 13.608 Thread 0x0000018f2b252d70 Unloading class 0x0000000800edac00 'lombok/javac/apt/LombokFileObject'
Event: 13.608 Thread 0x0000018f2b252d70 Unloading class 0x0000000800edaa00 'lombok/javac/apt/LombokFileObjects'
Event: 13.608 Thread 0x0000018f2b252d70 Unloading class 0x0000000800eda7c8 'lombok/javac/apt/MessagerDiagnosticsReceiver'
Event: 13.608 Thread 0x0000018f2b252d70 Unloading class 0x0000000800eda420 'lombok/javac/apt/InterceptingJavaFileManager'
Event: 13.608 Thread 0x0000018f2b252d70 Unloading class 0x0000000800eda218 'lombok/permit/dummy/Parent'
Event: 13.608 Thread 0x0000018f2b252d70 Unloading class 0x0000000800eda000 'lombok/core/CleanupRegistry'
Event: 13.608 Thread 0x0000018f2b252d70 Unloading class 0x0000000800ed9ce8 'lombok/permit/Permit$Fake'
Event: 13.608 Thread 0x0000018f2b252d70 Unloading class 0x0000000800ed9ae8 'lombok/permit/Permit'
Event: 13.608 Thread 0x0000018f2b252d70 Unloading class 0x0000000800ed9800 'lombok/javac/apt/LombokProcessor$1'
Event: 13.608 Thread 0x0000018f2b252d70 Unloading class 0x0000000800ed8d88 'lombok/core/DiagnosticsReceiver'
Event: 13.608 Thread 0x0000018f2b252d70 Unloading class 0x0000000800ed8af0 'lombok/javac/apt/LombokProcessor'
Event: 13.608 Thread 0x0000018f2b252d70 Unloading class 0x0000000800ed88c0 'lombok/core/AnnotationProcessor$EcjDescriptor'
Event: 13.608 Thread 0x0000018f2b252d70 Unloading class 0x0000000800ed8688 'lombok/core/AnnotationProcessor$JavacDescriptor'
Event: 13.608 Thread 0x0000018f2b252d70 Unloading class 0x0000000800ed8280 'lombok/core/AnnotationProcessor$ProcessorDescriptor'
Event: 13.608 Thread 0x0000018f2b252d70 Unloading class 0x0000000800ed8000 'lombok/core/AnnotationProcessor'
Event: 13.608 Thread 0x0000018f2b252d70 Unloading class 0x0000000800ed9200 'lombok/launch/AnnotationProcessorHider$ClaimingProcessor'
Event: 13.608 Thread 0x0000018f2b252d70 Unloading class 0x0000000800ed9000 'lombok/launch/AnnotationProcessorHider$AstModificationNotifierData'
Event: 13.608 Thread 0x0000018f2b252d70 Unloading class 0x0000000800ea8480 'lombok/launch/ShadowClassLoader'
Event: 13.608 Thread 0x0000018f2b252d70 Unloading class 0x0000000800ea8280 'lombok/launch/Main'
Event: 13.608 Thread 0x0000018f2b252d70 Unloading class 0x0000000800ea8000 'lombok/launch/AnnotationProcessorHider$AnnotationProcessor'

Classes redefined (0 events):
No events

Internal exceptions (20 events):
Event: 13.504 Thread 0x0000018f0dbdf730 Exception <a 'sun/nio/fs/WindowsException'{0x0000000086b3e880}> (0x0000000086b3e880) 
thrown [t:\workspace\open\src\hotspot\share\prims\jni.cpp, line 516]
Event: 13.504 Thread 0x0000018f0dbdf730 Exception <a 'sun/nio/fs/WindowsException'{0x0000000086b3ecb0}> (0x0000000086b3ecb0) 
thrown [t:\workspace\open\src\hotspot\share\prims\jni.cpp, line 516]
Event: 13.527 Thread 0x0000018f0dbdf730 Exception <a 'sun/nio/fs/WindowsException'{0x000000008c705400}> (0x000000008c705400) 
thrown [t:\workspace\open\src\hotspot\share\prims\jni.cpp, line 516]
Event: 13.534 Thread 0x0000018f0dbdf730 Exception <a 'sun/nio/fs/WindowsException'{0x000000008c71b920}> (0x000000008c71b920) 
thrown [t:\workspace\open\src\hotspot\share\prims\jni.cpp, line 516]
Event: 13.542 Thread 0x0000018f0dbdf730 Exception <a 'sun/nio/fs/WindowsException'{0x000000008c7357f8}> (0x000000008c7357f8) 
thrown [t:\workspace\open\src\hotspot\share\prims\jni.cpp, line 516]
Event: 13.542 Thread 0x0000018f0dbdf730 Exception <a 'sun/nio/fs/WindowsException'{0x000000008c735fd8}> (0x000000008c735fd8) 
thrown [t:\workspace\open\src\hotspot\share\prims\jni.cpp, line 516]
Event: 13.542 Thread 0x0000018f0dbdf730 Exception <a 'sun/nio/fs/WindowsException'{0x000000008c736598}> (0x000000008c736598) 
thrown [t:\workspace\open\src\hotspot\share\prims\jni.cpp, line 516]
Event: 13.542 Thread 0x0000018f0dbdf730 Exception <a 'sun/nio/fs/WindowsException'{0x000000008c736d50}> (0x000000008c736d50) 
thrown [t:\workspace\open\src\hotspot\share\prims\jni.cpp, line 516]
Event: 13.542 Thread 0x0000018f0dbdf730 Exception <a 'sun/nio/fs/WindowsException'{0x000000008c737160}> (0x000000008c737160) 
thrown [t:\workspace\open\src\hotspot\share\prims\jni.cpp, line 516]
Event: 13.542 Thread 0x0000018f0dbdf730 Exception <a 'sun/nio/fs/WindowsException'{0x000000008c737e80}> (0x000000008c737e80) 
thrown [t:\workspace\open\src\hotspot\share\prims\jni.cpp, line 516]
Event: 13.542 Thread 0x0000018f0dbdf730 Exception <a 'sun/nio/fs/WindowsException'{0x000000008c738260}> (0x000000008c738260) 
thrown [t:\workspace\open\src\hotspot\share\prims\jni.cpp, line 516]
Event: 13.542 Thread 0x0000018f0dbdf730 Exception <a 'sun/nio/fs/WindowsException'{0x000000008c738f70}> (0x000000008c738f70) 
thrown [t:\workspace\open\src\hotspot\share\prims\jni.cpp, line 516]
Event: 13.631 Thread 0x0000018f2b258ec0 Implicit null exception at 0x0000018f1d25b1a0 to 0x0000018f1d25b804
Event: 13.631 Thread 0x0000018f2b258ec0 Implicit null exception at 0x0000018f1d25a9e0 to 0x0000018f1d25abac
Event: 14.115 Thread 0x0000018f2dc18c20 Exception <a 'java/lang/NoSuchMethodError'{0x0000000089a46bd8}: 'java.lang.Object java.lang.invoke.DirectMethodHandle$Holder.invokeStaticInit(java.lang.Object, java.lang.Object, long, java.lang.Object)'> (0x0000000089a46bd8) 
thrown [t:\workspace\open\src\hotspot\share\interpreter\linkResolver.cpp, line 766]
Event: 14.116 Thread 0x0000018f2dc18c20 Exception <a 'java/lang/NoSuchMethodError'{0x0000000089a4d318}: 'java.lang.Object java.lang.invoke.DirectMethodHandle$Holder.newInvokeSpecial(java.lang.Object, java.lang.Object, long)'> (0x0000000089a4d318) 
thrown [t:\workspace\open\src\hotspot\share\interpreter\linkResolver.cpp, line 766]
Event: 14.116 Thread 0x0000018f2dc18c20 Exception <a 'java/lang/NoSuchMethodError'{0x0000000089a50e88}: 'java.lang.Object java.lang.invoke.Invokers$Holder.linkToTargetMethod(java.lang.Object, long, java.lang.Object)'> (0x0000000089a50e88) 
thrown [t:\workspace\open\src\hotspot\share\interpreter\linkResolver.cpp, line 766]
Event: 14.117 Thread 0x0000018f0dbdf730 Exception <a 'java/lang/NoSuchMethodError'{0x00000000898520d0}: 'java.lang.String org.apache.maven.execution.MavenExecutionRequest.getFailureBehavior()'> (0x00000000898520d0) 
thrown [t:\workspace\open\src\hotspot\share\interpreter\linkResolver.cpp, line 862]
Event: 14.571 Thread 0x0000018f0dbdf730 Exception <a 'java/lang/NoSuchMethodError'{0x00000000881be750}: 'void java.lang.invoke.DirectMethodHandle$Holder.invokeStatic(java.lang.Object, long)'> (0x00000000881be750) 
thrown [t:\workspace\open\src\hotspot\share\interpreter\linkResolver.cpp, line 766]
Event: 14.571 Thread 0x0000018f0dbdf730 Exception <a 'java/lang/NoSuchMethodError'{0x00000000881c3da0}: 'java.lang.Object java.lang.invoke.DirectMethodHandle$Holder.newInvokeSpecial(java.lang.Object, long)'> (0x00000000881c3da0) 
thrown [t:\workspace\open\src\hotspot\share\interpreter\linkResolver.cpp, line 766]

VM Operations (20 events):
Event: 13.630 Executing VM operation: HandshakeAllThreads
Event: 13.652 Executing VM operation: HandshakeAllThreads done
Event: 13.671 Executing VM operation: G1Concurrent
Event: 13.671 Executing VM operation: G1Concurrent done
Event: 14.022 Executing VM operation: ICBufferFull
Event: 14.022 Executing VM operation: ICBufferFull done
Event: 14.081 Executing VM operation: HandshakeAllThreads
Event: 14.081 Executing VM operation: HandshakeAllThreads done
Event: 14.513 Executing VM operation: HandshakeAllThreads
Event: 14.513 Executing VM operation: HandshakeAllThreads done
Event: 14.574 Executing VM operation: HandshakeAllThreads
Event: 14.574 Executing VM operation: HandshakeAllThreads done
Event: 15.584 Executing VM operation: Cleanup
Event: 15.585 Executing VM operation: Cleanup done
Event: 16.599 Executing VM operation: Cleanup
Event: 16.599 Executing VM operation: Cleanup done
Event: 19.636 Executing VM operation: Cleanup
Event: 19.686 Executing VM operation: Cleanup done
Event: 26.772 Executing VM operation: Cleanup
Event: 26.772 Executing VM operation: Cleanup done

Events (20 events):
Event: 14.573 loading class java/lang/Process$PipeInputStream
Event: 14.573 loading class java/lang/Process$PipeInputStream done
Event: 14.574 loading class jdk/internal/event/ProcessStartEvent
Event: 14.574 loading class jdk/internal/event/Event
Event: 14.575 loading class jdk/internal/event/Event done
Event: 14.575 loading class jdk/internal/event/ProcessStartEvent done
Event: 14.580 Thread 0x0000018f307aba00 Thread added: 0x0000018f307aba00
Event: 14.580 Thread 0x0000018f307adbb0 Thread added: 0x0000018f307adbb0
Event: 14.580 Thread 0x0000018f307ac3a0 Thread added: 0x0000018f307ac3a0
Event: 15.572 Thread 0x0000018f2dd168a0 Thread exited: 0x0000018f2dd168a0
Event: 16.095 loading class java/io/SequenceInputStream
Event: 16.095 loading class java/io/SequenceInputStream done
Event: 16.194 loading class sun/nio/cs/ThreadLocalCoders
Event: 16.194 loading class sun/nio/cs/ThreadLocalCoders done
Event: 16.194 loading class sun/nio/cs/ThreadLocalCoders$1
Event: 16.194 loading class sun/nio/cs/ThreadLocalCoders$Cache
Event: 16.194 loading class sun/nio/cs/ThreadLocalCoders$Cache done
Event: 16.194 loading class sun/nio/cs/ThreadLocalCoders$1 done
Event: 16.195 loading class sun/nio/cs/ThreadLocalCoders$2
Event: 16.195 loading class sun/nio/cs/ThreadLocalCoders$2 done


Dynamic libraries:
0x00007ff6a2670000 - 0x00007ff6a267e000 	C:\Users\sarah\.jdks\openjdk-17.0.1\bin\java.exe
0x00007ffc4b450000 - 0x00007ffc4b645000 	C:\WINDOWS\SYSTEM32\ntdll.dll
0x00007ffc496e0000 - 0x00007ffc4979e000 	C:\WINDOWS\System32\KERNEL32.DLL
0x00007ffc49100000 - 0x00007ffc493c8000 	C:\WINDOWS\System32\KERNELBASE.dll
0x00007ffc48be0000 - 0x00007ffc48ce0000 	C:\WINDOWS\System32\ucrtbase.dll
0x00007ffc44440000 - 0x00007ffc4445a000 	C:\Users\sarah\.jdks\openjdk-17.0.1\bin\VCRUNTIME140.dll
0x00007ffc42f60000 - 0x00007ffc42f78000 	C:\Users\sarah\.jdks\openjdk-17.0.1\bin\jli.dll
0x00007ffc322d0000 - 0x00007ffc3256a000 	C:\WINDOWS\WinSxS\amd64_microsoft.windows.common-controls_6595b64144ccf1df_6.0.19041.1110_none_60b5254171f9507e\COMCTL32.dll
0x00007ffc4abd0000 - 0x00007ffc4ac6e000 	C:\WINDOWS\System32\msvcrt.dll
0x00007ffc494b0000 - 0x00007ffc49650000 	C:\WINDOWS\System32\USER32.dll
0x00007ffc48d90000 - 0x00007ffc48db2000 	C:\WINDOWS\System32\win32u.dll
0x00007ffc4a660000 - 0x00007ffc4a68a000 	C:\WINDOWS\System32\GDI32.dll
0x00007ffc48dc0000 - 0x00007ffc48ecb000 	C:\WINDOWS\System32\gdi32full.dll
0x00007ffc49060000 - 0x00007ffc490fd000 	C:\WINDOWS\System32\msvcp_win.dll
0x00007ffc496b0000 - 0x00007ffc496e0000 	C:\WINDOWS\System32\IMM32.DLL
0x00007ffc44470000 - 0x00007ffc4447c000 	C:\Users\sarah\.jdks\openjdk-17.0.1\bin\vcruntime140_1.dll
0x00007ffc42ae0000 - 0x00007ffc42b6d000 	C:\Users\sarah\.jdks\openjdk-17.0.1\bin\msvcp140.dll
0x00007ffbf9d30000 - 0x00007ffbfa8ee000 	C:\Users\sarah\.jdks\openjdk-17.0.1\bin\server\jvm.dll
0x00007ffc49910000 - 0x00007ffc499be000 	C:\WINDOWS\System32\ADVAPI32.dll
0x00007ffc49aa0000 - 0x00007ffc49b3c000 	C:\WINDOWS\System32\sechost.dll
0x00007ffc4a740000 - 0x00007ffc4a865000 	C:\WINDOWS\System32\RPCRT4.dll
0x00007ffc49a90000 - 0x00007ffc49a98000 	C:\WINDOWS\System32\PSAPI.DLL
0x00007ffc29c10000 - 0x00007ffc29c19000 	C:\WINDOWS\SYSTEM32\WSOCK32.dll
0x00007ffc2e230000 - 0x00007ffc2e257000 	C:\WINDOWS\SYSTEM32\WINMM.dll
0x00007ffc4b3a0000 - 0x00007ffc4b40b000 	C:\WINDOWS\System32\WS2_32.dll
0x00007ffc3fdb0000 - 0x00007ffc3fdba000 	C:\WINDOWS\SYSTEM32\VERSION.dll
0x00007ffc47420000 - 0x00007ffc47432000 	C:\WINDOWS\SYSTEM32\kernel.appcore.dll
0x00007ffc44420000 - 0x00007ffc4442a000 	C:\Users\sarah\.jdks\openjdk-17.0.1\bin\jimage.dll
0x00007ffc3e340000 - 0x00007ffc3e524000 	C:\WINDOWS\SYSTEM32\DBGHELP.DLL
0x00007ffc2c360000 - 0x00007ffc2c38c000 	C:\WINDOWS\SYSTEM32\dbgcore.DLL
0x00007ffc493d0000 - 0x00007ffc49452000 	C:\WINDOWS\System32\bcryptPrimitives.dll
0x00007ffc44260000 - 0x00007ffc4426e000 	C:\Users\sarah\.jdks\openjdk-17.0.1\bin\instrument.dll
0x00007ffc42f30000 - 0x00007ffc42f55000 	C:\Users\sarah\.jdks\openjdk-17.0.1\bin\java.dll
0x00007ffc0c420000 - 0x00007ffc0c4f6000 	C:\Users\sarah\.jdks\openjdk-17.0.1\bin\svml.dll
0x00007ffc49eb0000 - 0x00007ffc4a5f4000 	C:\WINDOWS\System32\SHELL32.dll
0x00007ffc46a90000 - 0x00007ffc47224000 	C:\WINDOWS\SYSTEM32\windows.storage.dll
0x00007ffc4a870000 - 0x00007ffc4abc4000 	C:\WINDOWS\System32\combase.dll
0x00007ffc48510000 - 0x00007ffc4853c000 	C:\WINDOWS\SYSTEM32\Wldp.dll
0x00007ffc4ad50000 - 0x00007ffc4adfd000 	C:\WINDOWS\System32\SHCORE.dll
0x00007ffc49650000 - 0x00007ffc496a5000 	C:\WINDOWS\System32\shlwapi.dll
0x00007ffc48ab0000 - 0x00007ffc48acf000 	C:\WINDOWS\SYSTEM32\profapi.dll
0x00007ffc42ef0000 - 0x00007ffc42f08000 	C:\Users\sarah\.jdks\openjdk-17.0.1\bin\zip.dll
0x00007ffc42ed0000 - 0x00007ffc42ee9000 	C:\Users\sarah\.jdks\openjdk-17.0.1\bin\net.dll
0x00007ffc3c8b0000 - 0x00007ffc3c9ba000 	C:\WINDOWS\SYSTEM32\WINHTTP.dll
0x00007ffc48270000 - 0x00007ffc482da000 	C:\WINDOWS\system32\mswsock.dll
0x00007ffc42d60000 - 0x00007ffc42d75000 	C:\Users\sarah\.jdks\openjdk-17.0.1\bin\nio.dll
0x00007ffc42aa0000 - 0x00007ffc42aba000 	C:\Program Files\JetBrains\IntelliJ IDEA Community Edition 2021.2.1\bin\breakgen64.dll
0x00007ffc42f20000 - 0x00007ffc42f30000 	C:\Users\sarah\.jdks\openjdk-17.0.1\bin\verify.dll
0x00007ffc48470000 - 0x00007ffc48488000 	C:\WINDOWS\SYSTEM32\CRYPTSP.dll
0x00007ffc47bf0000 - 0x00007ffc47c24000 	C:\WINDOWS\system32\rsaenh.dll
0x00007ffc48ed0000 - 0x00007ffc48ef7000 	C:\WINDOWS\System32\bcrypt.dll
0x00007ffc48a70000 - 0x00007ffc48a9e000 	C:\WINDOWS\SYSTEM32\USERENV.dll
0x00007ffc48460000 - 0x00007ffc4846c000 	C:\WINDOWS\SYSTEM32\CRYPTBASE.dll
0x00007ffc47f60000 - 0x00007ffc47f9b000 	C:\WINDOWS\SYSTEM32\IPHLPAPI.DLL
0x00007ffc4b390000 - 0x00007ffc4b398000 	C:\WINDOWS\System32\NSI.dll
0x00007ffc41210000 - 0x00007ffc41227000 	C:\WINDOWS\SYSTEM32\dhcpcsvc6.DLL
0x00007ffc411f0000 - 0x00007ffc4120d000 	C:\WINDOWS\SYSTEM32\dhcpcsvc.DLL
0x00007ffc47fa0000 - 0x00007ffc4806b000 	C:\WINDOWS\SYSTEM32\DNSAPI.dll
0x00007ffc42d50000 - 0x00007ffc42d5a000 	C:\Users\sarah\AppData\Local\Temp\jansi-1.17.1-14939212530534976726.dll
0x00007ffc42a90000 - 0x00007ffc42a9a000 	C:\Users\sarah\AppData\Local\Temp\jansi-1.17.1-80148594868426068.dll

dbghelp: loaded successfully - version: 4.0.5 - missing functions: none
symbol engine: initialized successfully - sym options: 0x614 - pdb path: .;C:\Users\sarah\.jdks\openjdk-17.0.1\bin;C:\WINDOWS\SYSTEM32;C:\WINDOWS\WinSxS\amd64_microsoft.windows.common-controls_6595b64144ccf1df_6.0.19041.1110_none_60b5254171f9507e;C:\Users\sarah\.jdks\openjdk-17.0.1\bin\server;C:\Program Files\JetBrains\IntelliJ IDEA Community Edition 2021.2.1\bin;C:\Users\sarah\AppData\Local\Temp

VM Arguments:
jvm_args: -Dmaven.multiModuleProjectDirectory=C:\Users\sarah\OneDrive\Documentos\Sarah Digital\B3\BACKEND\PROYECTOS\clinicaOdontologica -Dmaven.home=C:\Program Files\JetBrains\IntelliJ IDEA Community Edition 2021.2.1\plugins\maven\lib\maven3 -Dclassworlds.conf=C:\Program Files\JetBrains\IntelliJ IDEA Community Edition 2021.2.1\plugins\maven\lib\maven3\bin\m2.conf -Dmaven.ext.class.path=C:\Program Files\JetBrains\IntelliJ IDEA Community Edition 2021.2.1\plugins\maven\lib\maven-event-listener.jar -javaagent:C:\Program Files\JetBrains\IntelliJ IDEA Community Edition 2021.2.1\lib\idea_rt.jar=49175:C:\Program Files\JetBrains\IntelliJ IDEA Community Edition 2021.2.1\bin -Dfile.encoding=UTF-8 
java_command: org.codehaus.classworlds.Launcher -Didea.version=2021.2.1 clean package
java_class_path (initial): C:\Program Files\JetBrains\IntelliJ IDEA Community Edition 2021.2.1\plugins\maven\lib\maven3\boot\plexus-classworlds-2.6.0.jar;C:\Program Files\JetBrains\IntelliJ IDEA Community Edition 2021.2.1\plugins\maven\lib\maven3\boot\plexus-classworlds.license
Launcher Type: SUN_STANDARD

[Global flags]
     intx CICompilerCount                          = 3                                         {product} {ergonomic}
     uint ConcGCThreads                            = 1                                         {product} {ergonomic}
     uint G1ConcRefinementThreads                  = 4                                         {product} {ergonomic}
   size_t G1HeapRegionSize                         = 1048576                                   {product} {ergonomic}
    uintx GCDrainStackTargetSize                   = 64                                        {product} {ergonomic}
   size_t InitialHeapSize                          = 134217728                                 {product} {ergonomic}
   size_t MarkStackSize                            = 4194304                                   {product} {ergonomic}
   size_t MaxHeapSize                              = 2116026368                                {product} {ergonomic}
   size_t MaxNewSize                               = 1268776960                                {product} {ergonomic}
   size_t MinHeapDeltaBytes                        = 1048576                                   {product} {ergonomic}
   size_t MinHeapSize                              = 8388608                                   {product} {ergonomic}
    uintx NonNMethodCodeHeapSize                   = 5832780                                {pd product} {ergonomic}
    uintx NonProfiledCodeHeapSize                  = 122912730                              {pd product} {ergonomic}
    uintx ProfiledCodeHeapSize                     = 122912730                              {pd product} {ergonomic}
    uintx ReservedCodeCacheSize                    = 251658240                              {pd product} {ergonomic}
     bool SegmentedCodeCache                       = true                                      {product} {ergonomic}
   size_t SoftMaxHeapSize                          = 2116026368                             {manageable} {ergonomic}
     bool UseCompressedClassPointers               = true                           {product lp64_product} {ergonomic}
     bool UseCompressedOops                        = true                           {product lp64_product} {ergonomic}
     bool UseG1GC                                  = true                                      {product} {ergonomic}
     bool UseLargePagesIndividualAllocation        = false                                  {pd product} {ergonomic}

Logging:
Log output configuration:
 #0: stdout all=warning uptime,level,tags
 #1: stderr all=off uptime,level,tags

Environment Variables:
PATH=C:\Program Files\Common Files\Oracle\Java\javapath;C:\Program Files (x86)\Intel\iCLS Client\;C:\Program Files\Intel\iCLS Client\;C:\WINDOWS\system32;C:\WINDOWS;C:\WINDOWS\System32\Wbem;C:\WINDOWS\System32\WindowsPowerShell\v1.0\;C:\Program Files\Intel\WiFi\bin\;C:\Program Files\Common Files\Intel\WirelessCommon\;C:\Program Files (x86)\Intel\Intel(R) Management Engine Components\DAL;C:\Program Files\Intel\Intel(R) Management Engine Components\DAL;C:\Program Files (x86)\Intel\Intel(R) Management Engine Components\IPT;C:\Program Files\Intel\Intel(R) Management Engine Components\IPT;C:\WINDOWS\System32\OpenSSH\;C:\Program Files\Git\cmd;C:\Program Files\nodejs\;C:\HashiCorp\Vagrant\bin;C:\Program Files\PuTTY\;C:\Program Files\nodejs;C:\Users\sarah\AppData\Local\Microsoft\WindowsApps;C:\Users\sarah\AppData\Local\Programs\Microsoft VS Code\bin;C:\Users\sarah\AppData\Roaming\npm;
USERNAME=sarah
OS=Windows_NT
PROCESSOR_IDENTIFIER=Intel64 Family 6 Model 78 Stepping 3, GenuineIntel



---------------  S Y S T E M  ---------------

OS:
 Windows 10 , 64 bit Build 19041 (10.0.19041.1645)
OS uptime: 1 days 1:32 hours

CPU: total 4 (initial active 4) (2 cores per cpu, 2 threads per core) family 6 model 78 stepping 3 microcode 0xea, cx8, cmov, fxsr, ht, mmx, 3dnowpref, sse, sse2, sse3, ssse3, sse4.1, sse4.2, popcnt, lzcnt, tsc, tscinvbit, avx, avx2, aes, erms, clmul, bmi1, bmi2, adx, fma, vzeroupper, clflush, clflushopt

Memory: 4k page, system-wide physical 8071M (370M free)
TotalPageFile size 12167M (AvailPageFile size 3M)
current process WorkingSet (physical memory assigned to process): 259M, peak: 322M
current process commit charge ("private bytes"): 288M, peak: 351M

vm_info: OpenJDK 64-Bit Server VM (17.0.1+12-39) for windows-amd64 JRE (17.0.1+12-39), built on Sep 27 2021 18:39:29 by "mach5one" with MS VC++ 16.8 (VS2019)

END.
